#
# There is insufficient memory for the Java Runtime Environment to continue.
# Native memory allocation (malloc) failed to allocate 1427728 bytes. Error detail: Chunk::new
# Possible reasons:
#   The system is out of physical RAM or swap space
#   This process is running with CompressedOops enabled, and the Java Heap may be blocking the growth of the native heap
# Possible solutions:
#   Reduce memory load on the system
#   Increase physical memory or swap space
#   Check if swap backing store is full
#   Decrease Java heap size (-Xmx/-Xms)
#   Decrease number of Java threads
#   Decrease Java thread stack sizes (-Xss)
#   Set larger code cache with -XX:ReservedCodeCacheSize=
#   JVM is running with Unscaled Compressed Oops mode in which the Java heap is
#     placed in the first 4GB address space. The Java Heap base address is the
#     maximum limit for the native heap growth. Please use -XX:HeapBaseMinAddress
#     to set the Java Heap base and to place the Java Heap above 4GB virtual address.
# This output file may be truncated or incomplete.
#
#  Out of Memory Error (arena.cpp:162), pid=22104, tid=26956
#
# JRE version: OpenJDK Runtime Environment Zulu24.32+13-CA (24.0.2+12) (build 24.0.2+12)
# Java VM: OpenJDK 64-Bit Server VM Zulu24.32+13-CA (24.0.2+12, mixed mode, sharing, tiered, compressed oops, compressed class ptrs, g1 gc, windows-amd64)
# No core dump will be written. Minidumps are not enabled by default on client versions of Windows
#

---------------  S U M M A R Y ------------

Command Line: -Dfile.encoding=UTF-8 --module-path=E:\OneDrive\Desktop\Electricity Billing System\build\classes electricity.billing.system.Login

Host: 12th Gen Intel(R) Core(TM) i5-1240P, 16 cores, 7G,  Windows 11 , 64 bit Build 26100 (10.0.26100.4202)
Time: Sun Sep  7 03:51:59 2025 India Standard Time elapsed time: 2.250062 seconds (0d 0h 0m 2s)

---------------  T H R E A D  ---------------

Current thread (0x00000174c50ba720):  JavaThread "C2 CompilerThread1" daemon [_thread_in_native, id=26956, stack(0x000000071ec00000,0x000000071ed00000) (1024K)]


Current CompileTask:
C2:2250  673       4       java.lang.StringLatin1::replace (197 bytes)

Stack: [0x000000071ec00000,0x000000071ed00000]
Native frames: (J=compiled Java code, j=interpreted, Vv=VM code, C=native code)
V  [jvm.dll+0x741329]  (no source info available)
V  [jvm.dll+0x97e243]  (no source info available)
V  [jvm.dll+0x98056d]  (no source info available)
V  [jvm.dll+0x980be3]  (no source info available)
V  [jvm.dll+0x2b5a76]  (no source info available)
V  [jvm.dll+0xd00af]  (no source info available)
V  [jvm.dll+0xd030f]  (no source info available)
V  [jvm.dll+0x15b85f]  (no source info available)
V  [jvm.dll+0x746bef]  (no source info available)
V  [jvm.dll+0x27a478]  (no source info available)
V  [jvm.dll+0x279591]  (no source info available)
V  [jvm.dll+0x1f30fa]  (no source info available)
V  [jvm.dll+0x288d95]  (no source info available)
V  [jvm.dll+0x28702a]  (no source info available)
V  [jvm.dll+0x43e016]  (no source info available)
V  [jvm.dll+0x920c78]  (no source info available)
V  [jvm.dll+0x73fab5]  (no source info available)
C  [ucrtbase.dll+0x37b0]  (no source info available)
C  [KERNEL32.DLL+0x2e8d7]  (no source info available)
C  [ntdll.dll+0x3c34c]  (no source info available)

Lock stack of current Java thread (top to bottom):


---------------  P R O C E S S  ---------------

Threads class SMR info:
_java_thread_list=0x00000174c5a4c130, length=18, elements={
0x00000174c9f03df0, 0x00000174e94785c0, 0x00000174e9478d00, 0x00000174e9479440,
0x00000174e947a300, 0x00000174e949ae40, 0x00000174e949baa0, 0x00000174e949dd90,
0x00000174c501a0a0, 0x00000174c50b9070, 0x00000174c512b1c0, 0x00000174c50b9f90,
0x00000174c50ba720, 0x00000174c523cd10, 0x00000174c50b9800, 0x00000174c58bc0c0,
0x00000174c55e6aa0, 0x00000174c5ad0140
}

Java Threads: ( => current thread )
  0x00000174c9f03df0 JavaThread "main"                              [_thread_blocked, id=24380, stack(0x000000071d900000,0x000000071da00000) (1024K)]
  0x00000174e94785c0 JavaThread "Reference Handler"          daemon [_thread_blocked, id=21820, stack(0x000000071e100000,0x000000071e200000) (1024K)]
  0x00000174e9478d00 JavaThread "Finalizer"                  daemon [_thread_blocked, id=27152, stack(0x000000071e200000,0x000000071e300000) (1024K)]
  0x00000174e9479440 JavaThread "Signal Dispatcher"          daemon [_thread_blocked, id=2384, stack(0x000000071e300000,0x000000071e400000) (1024K)]
  0x00000174e947a300 JavaThread "Attach Listener"            daemon [_thread_blocked, id=26060, stack(0x000000071e400000,0x000000071e500000) (1024K)]
  0x00000174e949ae40 JavaThread "Service Thread"             daemon [_thread_blocked, id=26828, stack(0x000000071e500000,0x000000071e600000) (1024K)]
  0x00000174e949baa0 JavaThread "Monitor Deflation Thread"   daemon [_thread_blocked, id=22784, stack(0x000000071e600000,0x000000071e700000) (1024K)]
  0x00000174e949dd90 JavaThread "C2 CompilerThread0"         daemon [_thread_blocked, id=7724, stack(0x000000071e700000,0x000000071e800000) (1024K)]
  0x00000174c501a0a0 JavaThread "C1 CompilerThread0"         daemon [_thread_blocked, id=15452, stack(0x000000071e800000,0x000000071e900000) (1024K)]
  0x00000174c50b9070 JavaThread "C1 CompilerThread1"         daemon [_thread_blocked, id=26680, stack(0x000000071e900000,0x000000071ea00000) (1024K)]
  0x00000174c512b1c0 JavaThread "Common-Cleaner"             daemon [_thread_blocked, id=9648, stack(0x000000071ea00000,0x000000071eb00000) (1024K)]
  0x00000174c50b9f90 JavaThread "C1 CompilerThread2"         daemon [_thread_blocked, id=26512, stack(0x000000071eb00000,0x000000071ec00000) (1024K)]
=>0x00000174c50ba720 JavaThread "C2 CompilerThread1"         daemon [_thread_in_native, id=26956, stack(0x000000071ec00000,0x000000071ed00000) (1024K)]
  0x00000174c523cd10 JavaThread "Notification Thread"        daemon [_thread_blocked, id=5656, stack(0x000000071ed00000,0x000000071ee00000) (1024K)]
  0x00000174c50b9800 JavaThread "C1 CompilerThread3"         daemon [_thread_blocked, id=26236, stack(0x000000071ee00000,0x000000071ef00000) (1024K)]
  0x00000174c58bc0c0 JavaThread "Java2D Disposer"            daemon [_thread_blocked, id=23024, stack(0x000000071ef00000,0x000000071f000000) (1024K)]
  0x00000174c55e6aa0 JavaThread "AWT-Windows"                daemon [_thread_in_native, id=11360, stack(0x000000071f100000,0x000000071f200000) (1024K)]
  0x00000174c5ad0140 JavaThread "Image Fetcher 0"            daemon [_thread_in_native, id=26952, stack(0x000000071f000000,0x000000071f100000) (1024K)]
Total: 18

Other Threads:
  0x00000174e9468b60 VMThread "VM Thread"                           [id=27100, stack(0x000000071e000000,0x000000071e100000) (1024K)]
  0x00000174e94585d0 WatcherThread "VM Periodic Task Thread"        [id=26704, stack(0x000000071df00000,0x000000071e000000) (1024K)]
  0x00000174cc3918a0 WorkerThread "GC Thread#0"                     [id=27424, stack(0x000000071da00000,0x000000071db00000) (1024K)]
  0x00000174cc3a5c20 ConcurrentGCThread "G1 Main Marker"            [id=23336, stack(0x000000071db00000,0x000000071dc00000) (1024K)]
  0x00000174cc3a6730 WorkerThread "G1 Conc#0"                       [id=22768, stack(0x000000071dc00000,0x000000071dd00000) (1024K)]
  0x00000174e9326f90 ConcurrentGCThread "G1 Refine#0"               [id=26104, stack(0x000000071dd00000,0x000000071de00000) (1024K)]
  0x00000174e93279b0 ConcurrentGCThread "G1 Service"                [id=26936, stack(0x000000071de00000,0x000000071df00000) (1024K)]
Total: 7

Threads with active compile tasks:
C2 CompilerThread1  2340  673       4       java.lang.StringLatin1::replace (197 bytes)
Total: 1

VM state: not at safepoint (normal execution)

VM Mutex/Monitor currently owned by a thread: None

Heap address: 0x0000000085200000, size: 1966 MB, Compressed Oops mode: 32-bit

CDS archive(s) mapped at: [0x0000017480000000-0x0000017480d40000-0x0000017480d40000), size 13893632, SharedBaseAddress: 0x0000017480000000, ArchiveRelocationMode: 1.
Compressed class space mapped at: 0x0000017481000000-0x00000174c1000000, reserved size: 1073741824
UseCompressedClassPointers 1, UseCompactObjectHeaders 0
Narrow klass pointer bits 32, Max shift 3
Narrow klass base: 0x0000017480000000, Narrow klass shift: 0
Encoding Range: [0x0000017480000000 - 0x0000017580000000), (4294967296 bytes)
Klass Range:    [0x0000017480000000 - 0x00000174c1000000), (1090519040 bytes)
Klass ID Range:  [8 - 1090519033) (1090519025)

GC Precious Log:
 CardTable entry size: 512
 Card Set container configuration: InlinePtr #cards 5 size 8 Array Of Cards #cards 10 size 36 Howl #buckets 4 coarsen threshold 1843 Howl Bitmap #cards 512 size 80 coarsen threshold 460 Card regions per heap region 1 cards per card region 2048
 CPUs: 16 total, 16 available
 Memory: 7863M
 Large Page Support: Disabled
 NUMA Support: Disabled
 Compressed Oops: Enabled (32-bit)
 Heap Region Size: 1M
 Heap Min Capacity: 8M
 Heap Initial Capacity: 124M
 Heap Max Capacity: 1966M
 Pre-touch: Disabled
 Parallel Workers: 13
 Concurrent Workers: 3
 Concurrent Refinement Workers: 13
 Periodic GC: Disabled

Heap:
 garbage-first heap   total reserved 2013184K, committed 129024K, used 10352K [0x0000000085200000, 0x0000000100000000)
  region size 1024K, 10 young (10240K), 0 survivors (0K)
 Metaspace       used 5565K, committed 5632K, reserved 1114112K
  class space    used 476K, committed 512K, reserved 1048576K

Heap Regions: E=young(eden), S=young(survivor), O=old, HS=humongous(starts), HC=humongous(continues), CS=collection set, F=free, TAMS=top-at-mark-start, PB=parsable bottom
|   0|0x0000000085200000, 0x0000000085200000, 0x0000000085300000|  0%| F|  |TAMS 0x0000000085200000| PB 0x0000000085200000| Untracked |  0
|   1|0x0000000085300000, 0x0000000085300000, 0x0000000085400000|  0%| F|  |TAMS 0x0000000085300000| PB 0x0000000085300000| Untracked |  0
|   2|0x0000000085400000, 0x0000000085400000, 0x0000000085500000|  0%| F|  |TAMS 0x0000000085400000| PB 0x0000000085400000| Untracked |  0
|   3|0x0000000085500000, 0x0000000085500000, 0x0000000085600000|  0%| F|  |TAMS 0x0000000085500000| PB 0x0000000085500000| Untracked |  0
|   4|0x0000000085600000, 0x0000000085600000, 0x0000000085700000|  0%| F|  |TAMS 0x0000000085600000| PB 0x0000000085600000| Untracked |  0
|   5|0x0000000085700000, 0x0000000085700000, 0x0000000085800000|  0%| F|  |TAMS 0x0000000085700000| PB 0x0000000085700000| Untracked |  0
|   6|0x0000000085800000, 0x0000000085800000, 0x0000000085900000|  0%| F|  |TAMS 0x0000000085800000| PB 0x0000000085800000| Untracked |  0
|   7|0x0000000085900000, 0x0000000085900000, 0x0000000085a00000|  0%| F|  |TAMS 0x0000000085900000| PB 0x0000000085900000| Untracked |  0
|   8|0x0000000085a00000, 0x0000000085a00000, 0x0000000085b00000|  0%| F|  |TAMS 0x0000000085a00000| PB 0x0000000085a00000| Untracked |  0
|   9|0x0000000085b00000, 0x0000000085b00000, 0x0000000085c00000|  0%| F|  |TAMS 0x0000000085b00000| PB 0x0000000085b00000| Untracked |  0
|  10|0x0000000085c00000, 0x0000000085c00000, 0x0000000085d00000|  0%| F|  |TAMS 0x0000000085c00000| PB 0x0000000085c00000| Untracked |  0
|  11|0x0000000085d00000, 0x0000000085d00000, 0x0000000085e00000|  0%| F|  |TAMS 0x0000000085d00000| PB 0x0000000085d00000| Untracked |  0
|  12|0x0000000085e00000, 0x0000000085e00000, 0x0000000085f00000|  0%| F|  |TAMS 0x0000000085e00000| PB 0x0000000085e00000| Untracked |  0
|  13|0x0000000085f00000, 0x0000000085f00000, 0x0000000086000000|  0%| F|  |TAMS 0x0000000085f00000| PB 0x0000000085f00000| Untracked |  0
|  14|0x0000000086000000, 0x0000000086000000, 0x0000000086100000|  0%| F|  |TAMS 0x0000000086000000| PB 0x0000000086000000| Untracked |  0
|  15|0x0000000086100000, 0x0000000086100000, 0x0000000086200000|  0%| F|  |TAMS 0x0000000086100000| PB 0x0000000086100000| Untracked |  0
|  16|0x0000000086200000, 0x0000000086200000, 0x0000000086300000|  0%| F|  |TAMS 0x0000000086200000| PB 0x0000000086200000| Untracked |  0
|  17|0x0000000086300000, 0x0000000086300000, 0x0000000086400000|  0%| F|  |TAMS 0x0000000086300000| PB 0x0000000086300000| Untracked |  0
|  18|0x0000000086400000, 0x0000000086400000, 0x0000000086500000|  0%| F|  |TAMS 0x0000000086400000| PB 0x0000000086400000| Untracked |  0
|  19|0x0000000086500000, 0x0000000086500000, 0x0000000086600000|  0%| F|  |TAMS 0x0000000086500000| PB 0x0000000086500000| Untracked |  0
|  20|0x0000000086600000, 0x0000000086600000, 0x0000000086700000|  0%| F|  |TAMS 0x0000000086600000| PB 0x0000000086600000| Untracked |  0
|  21|0x0000000086700000, 0x0000000086700000, 0x0000000086800000|  0%| F|  |TAMS 0x0000000086700000| PB 0x0000000086700000| Untracked |  0
|  22|0x0000000086800000, 0x0000000086800000, 0x0000000086900000|  0%| F|  |TAMS 0x0000000086800000| PB 0x0000000086800000| Untracked |  0
|  23|0x0000000086900000, 0x0000000086900000, 0x0000000086a00000|  0%| F|  |TAMS 0x0000000086900000| PB 0x0000000086900000| Untracked |  0
|  24|0x0000000086a00000, 0x0000000086a00000, 0x0000000086b00000|  0%| F|  |TAMS 0x0000000086a00000| PB 0x0000000086a00000| Untracked |  0
|  25|0x0000000086b00000, 0x0000000086b00000, 0x0000000086c00000|  0%| F|  |TAMS 0x0000000086b00000| PB 0x0000000086b00000| Untracked |  0
|  26|0x0000000086c00000, 0x0000000086c00000, 0x0000000086d00000|  0%| F|  |TAMS 0x0000000086c00000| PB 0x0000000086c00000| Untracked |  0
|  27|0x0000000086d00000, 0x0000000086d00000, 0x0000000086e00000|  0%| F|  |TAMS 0x0000000086d00000| PB 0x0000000086d00000| Untracked |  0
|  28|0x0000000086e00000, 0x0000000086e00000, 0x0000000086f00000|  0%| F|  |TAMS 0x0000000086e00000| PB 0x0000000086e00000| Untracked |  0
|  29|0x0000000086f00000, 0x0000000086f00000, 0x0000000087000000|  0%| F|  |TAMS 0x0000000086f00000| PB 0x0000000086f00000| Untracked |  0
|  30|0x0000000087000000, 0x0000000087000000, 0x0000000087100000|  0%| F|  |TAMS 0x0000000087000000| PB 0x0000000087000000| Untracked |  0
|  31|0x0000000087100000, 0x0000000087100000, 0x0000000087200000|  0%| F|  |TAMS 0x0000000087100000| PB 0x0000000087100000| Untracked |  0
|  32|0x0000000087200000, 0x0000000087200000, 0x0000000087300000|  0%| F|  |TAMS 0x0000000087200000| PB 0x0000000087200000| Untracked |  0
|  33|0x0000000087300000, 0x0000000087300000, 0x0000000087400000|  0%| F|  |TAMS 0x0000000087300000| PB 0x0000000087300000| Untracked |  0
|  34|0x0000000087400000, 0x0000000087400000, 0x0000000087500000|  0%| F|  |TAMS 0x0000000087400000| PB 0x0000000087400000| Untracked |  0
|  35|0x0000000087500000, 0x0000000087500000, 0x0000000087600000|  0%| F|  |TAMS 0x0000000087500000| PB 0x0000000087500000| Untracked |  0
|  36|0x0000000087600000, 0x0000000087600000, 0x0000000087700000|  0%| F|  |TAMS 0x0000000087600000| PB 0x0000000087600000| Untracked |  0
|  37|0x0000000087700000, 0x0000000087700000, 0x0000000087800000|  0%| F|  |TAMS 0x0000000087700000| PB 0x0000000087700000| Untracked |  0
|  38|0x0000000087800000, 0x0000000087800000, 0x0000000087900000|  0%| F|  |TAMS 0x0000000087800000| PB 0x0000000087800000| Untracked |  0
|  39|0x0000000087900000, 0x0000000087900000, 0x0000000087a00000|  0%| F|  |TAMS 0x0000000087900000| PB 0x0000000087900000| Untracked |  0
|  40|0x0000000087a00000, 0x0000000087a00000, 0x0000000087b00000|  0%| F|  |TAMS 0x0000000087a00000| PB 0x0000000087a00000| Untracked |  0
|  41|0x0000000087b00000, 0x0000000087b00000, 0x0000000087c00000|  0%| F|  |TAMS 0x0000000087b00000| PB 0x0000000087b00000| Untracked |  0
|  42|0x0000000087c00000, 0x0000000087c00000, 0x0000000087d00000|  0%| F|  |TAMS 0x0000000087c00000| PB 0x0000000087c00000| Untracked |  0
|  43|0x0000000087d00000, 0x0000000087d00000, 0x0000000087e00000|  0%| F|  |TAMS 0x0000000087d00000| PB 0x0000000087d00000| Untracked |  0
|  44|0x0000000087e00000, 0x0000000087e00000, 0x0000000087f00000|  0%| F|  |TAMS 0x0000000087e00000| PB 0x0000000087e00000| Untracked |  0
|  45|0x0000000087f00000, 0x0000000087f00000, 0x0000000088000000|  0%| F|  |TAMS 0x0000000087f00000| PB 0x0000000087f00000| Untracked |  0
|  46|0x0000000088000000, 0x0000000088000000, 0x0000000088100000|  0%| F|  |TAMS 0x0000000088000000| PB 0x0000000088000000| Untracked |  0
|  47|0x0000000088100000, 0x0000000088100000, 0x0000000088200000|  0%| F|  |TAMS 0x0000000088100000| PB 0x0000000088100000| Untracked |  0
|  48|0x0000000088200000, 0x0000000088200000, 0x0000000088300000|  0%| F|  |TAMS 0x0000000088200000| PB 0x0000000088200000| Untracked |  0
|  49|0x0000000088300000, 0x0000000088300000, 0x0000000088400000|  0%| F|  |TAMS 0x0000000088300000| PB 0x0000000088300000| Untracked |  0
|  50|0x0000000088400000, 0x0000000088400000, 0x0000000088500000|  0%| F|  |TAMS 0x0000000088400000| PB 0x0000000088400000| Untracked |  0
|  51|0x0000000088500000, 0x0000000088500000, 0x0000000088600000|  0%| F|  |TAMS 0x0000000088500000| PB 0x0000000088500000| Untracked |  0
|  52|0x0000000088600000, 0x0000000088600000, 0x0000000088700000|  0%| F|  |TAMS 0x0000000088600000| PB 0x0000000088600000| Untracked |  0
|  53|0x0000000088700000, 0x0000000088700000, 0x0000000088800000|  0%| F|  |TAMS 0x0000000088700000| PB 0x0000000088700000| Untracked |  0
|  54|0x0000000088800000, 0x0000000088800000, 0x0000000088900000|  0%| F|  |TAMS 0x0000000088800000| PB 0x0000000088800000| Untracked |  0
|  55|0x0000000088900000, 0x0000000088900000, 0x0000000088a00000|  0%| F|  |TAMS 0x0000000088900000| PB 0x0000000088900000| Untracked |  0
|  56|0x0000000088a00000, 0x0000000088a00000, 0x0000000088b00000|  0%| F|  |TAMS 0x0000000088a00000| PB 0x0000000088a00000| Untracked |  0
|  57|0x0000000088b00000, 0x0000000088b00000, 0x0000000088c00000|  0%| F|  |TAMS 0x0000000088b00000| PB 0x0000000088b00000| Untracked |  0
|  58|0x0000000088c00000, 0x0000000088c00000, 0x0000000088d00000|  0%| F|  |TAMS 0x0000000088c00000| PB 0x0000000088c00000| Untracked |  0
|  59|0x0000000088d00000, 0x0000000088d00000, 0x0000000088e00000|  0%| F|  |TAMS 0x0000000088d00000| PB 0x0000000088d00000| Untracked |  0
|  60|0x0000000088e00000, 0x0000000088e00000, 0x0000000088f00000|  0%| F|  |TAMS 0x0000000088e00000| PB 0x0000000088e00000| Untracked |  0
|  61|0x0000000088f00000, 0x0000000088f00000, 0x0000000089000000|  0%| F|  |TAMS 0x0000000088f00000| PB 0x0000000088f00000| Untracked |  0
|  62|0x0000000089000000, 0x0000000089000000, 0x0000000089100000|  0%| F|  |TAMS 0x0000000089000000| PB 0x0000000089000000| Untracked |  0
|  63|0x0000000089100000, 0x0000000089100000, 0x0000000089200000|  0%| F|  |TAMS 0x0000000089100000| PB 0x0000000089100000| Untracked |  0
|  64|0x0000000089200000, 0x0000000089200000, 0x0000000089300000|  0%| F|  |TAMS 0x0000000089200000| PB 0x0000000089200000| Untracked |  0
|  65|0x0000000089300000, 0x0000000089300000, 0x0000000089400000|  0%| F|  |TAMS 0x0000000089300000| PB 0x0000000089300000| Untracked |  0
|  66|0x0000000089400000, 0x0000000089400000, 0x0000000089500000|  0%| F|  |TAMS 0x0000000089400000| PB 0x0000000089400000| Untracked |  0
|  67|0x0000000089500000, 0x0000000089500000, 0x0000000089600000|  0%| F|  |TAMS 0x0000000089500000| PB 0x0000000089500000| Untracked |  0
|  68|0x0000000089600000, 0x0000000089600000, 0x0000000089700000|  0%| F|  |TAMS 0x0000000089600000| PB 0x0000000089600000| Untracked |  0
|  69|0x0000000089700000, 0x0000000089700000, 0x0000000089800000|  0%| F|  |TAMS 0x0000000089700000| PB 0x0000000089700000| Untracked |  0
|  70|0x0000000089800000, 0x0000000089800000, 0x0000000089900000|  0%| F|  |TAMS 0x0000000089800000| PB 0x0000000089800000| Untracked |  0
|  71|0x0000000089900000, 0x0000000089900000, 0x0000000089a00000|  0%| F|  |TAMS 0x0000000089900000| PB 0x0000000089900000| Untracked |  0
|  72|0x0000000089a00000, 0x0000000089a00000, 0x0000000089b00000|  0%| F|  |TAMS 0x0000000089a00000| PB 0x0000000089a00000| Untracked |  0
|  73|0x0000000089b00000, 0x0000000089b00000, 0x0000000089c00000|  0%| F|  |TAMS 0x0000000089b00000| PB 0x0000000089b00000| Untracked |  0
|  74|0x0000000089c00000, 0x0000000089c00000, 0x0000000089d00000|  0%| F|  |TAMS 0x0000000089c00000| PB 0x0000000089c00000| Untracked |  0
|  75|0x0000000089d00000, 0x0000000089d00000, 0x0000000089e00000|  0%| F|  |TAMS 0x0000000089d00000| PB 0x0000000089d00000| Untracked |  0
|  76|0x0000000089e00000, 0x0000000089e00000, 0x0000000089f00000|  0%| F|  |TAMS 0x0000000089e00000| PB 0x0000000089e00000| Untracked |  0
|  77|0x0000000089f00000, 0x0000000089f00000, 0x000000008a000000|  0%| F|  |TAMS 0x0000000089f00000| PB 0x0000000089f00000| Untracked |  0
|  78|0x000000008a000000, 0x000000008a000000, 0x000000008a100000|  0%| F|  |TAMS 0x000000008a000000| PB 0x000000008a000000| Untracked |  0
|  79|0x000000008a100000, 0x000000008a100000, 0x000000008a200000|  0%| F|  |TAMS 0x000000008a100000| PB 0x000000008a100000| Untracked |  0
|  80|0x000000008a200000, 0x000000008a200000, 0x000000008a300000|  0%| F|  |TAMS 0x000000008a200000| PB 0x000000008a200000| Untracked |  0
|  81|0x000000008a300000, 0x000000008a300000, 0x000000008a400000|  0%| F|  |TAMS 0x000000008a300000| PB 0x000000008a300000| Untracked |  0
|  82|0x000000008a400000, 0x000000008a400000, 0x000000008a500000|  0%| F|  |TAMS 0x000000008a400000| PB 0x000000008a400000| Untracked |  0
|  83|0x000000008a500000, 0x000000008a500000, 0x000000008a600000|  0%| F|  |TAMS 0x000000008a500000| PB 0x000000008a500000| Untracked |  0
|  84|0x000000008a600000, 0x000000008a600000, 0x000000008a700000|  0%| F|  |TAMS 0x000000008a600000| PB 0x000000008a600000| Untracked |  0
|  85|0x000000008a700000, 0x000000008a700000, 0x000000008a800000|  0%| F|  |TAMS 0x000000008a700000| PB 0x000000008a700000| Untracked |  0
|  86|0x000000008a800000, 0x000000008a800000, 0x000000008a900000|  0%| F|  |TAMS 0x000000008a800000| PB 0x000000008a800000| Untracked |  0
|  87|0x000000008a900000, 0x000000008a900000, 0x000000008aa00000|  0%| F|  |TAMS 0x000000008a900000| PB 0x000000008a900000| Untracked |  0
|  88|0x000000008aa00000, 0x000000008aa00000, 0x000000008ab00000|  0%| F|  |TAMS 0x000000008aa00000| PB 0x000000008aa00000| Untracked |  0
|  89|0x000000008ab00000, 0x000000008ab00000, 0x000000008ac00000|  0%| F|  |TAMS 0x000000008ab00000| PB 0x000000008ab00000| Untracked |  0
|  90|0x000000008ac00000, 0x000000008ac00000, 0x000000008ad00000|  0%| F|  |TAMS 0x000000008ac00000| PB 0x000000008ac00000| Untracked |  0
|  91|0x000000008ad00000, 0x000000008ad00000, 0x000000008ae00000|  0%| F|  |TAMS 0x000000008ad00000| PB 0x000000008ad00000| Untracked |  0
|  92|0x000000008ae00000, 0x000000008ae00000, 0x000000008af00000|  0%| F|  |TAMS 0x000000008ae00000| PB 0x000000008ae00000| Untracked |  0
|  93|0x000000008af00000, 0x000000008af00000, 0x000000008b000000|  0%| F|  |TAMS 0x000000008af00000| PB 0x000000008af00000| Untracked |  0
|  94|0x000000008b000000, 0x000000008b000000, 0x000000008b100000|  0%| F|  |TAMS 0x000000008b000000| PB 0x000000008b000000| Untracked |  0
|  95|0x000000008b100000, 0x000000008b100000, 0x000000008b200000|  0%| F|  |TAMS 0x000000008b100000| PB 0x000000008b100000| Untracked |  0
|  96|0x000000008b200000, 0x000000008b200000, 0x000000008b300000|  0%| F|  |TAMS 0x000000008b200000| PB 0x000000008b200000| Untracked |  0
|  97|0x000000008b300000, 0x000000008b300000, 0x000000008b400000|  0%| F|  |TAMS 0x000000008b300000| PB 0x000000008b300000| Untracked |  0
|  98|0x000000008b400000, 0x000000008b400000, 0x000000008b500000|  0%| F|  |TAMS 0x000000008b400000| PB 0x000000008b400000| Untracked |  0
|  99|0x000000008b500000, 0x000000008b500000, 0x000000008b600000|  0%| F|  |TAMS 0x000000008b500000| PB 0x000000008b500000| Untracked |  0
| 100|0x000000008b600000, 0x000000008b600000, 0x000000008b700000|  0%| F|  |TAMS 0x000000008b600000| PB 0x000000008b600000| Untracked |  0
| 101|0x000000008b700000, 0x000000008b700000, 0x000000008b800000|  0%| F|  |TAMS 0x000000008b700000| PB 0x000000008b700000| Untracked |  0
| 102|0x000000008b800000, 0x000000008b800000, 0x000000008b900000|  0%| F|  |TAMS 0x000000008b800000| PB 0x000000008b800000| Untracked |  0
| 103|0x000000008b900000, 0x000000008b900000, 0x000000008ba00000|  0%| F|  |TAMS 0x000000008b900000| PB 0x000000008b900000| Untracked |  0
| 104|0x000000008ba00000, 0x000000008ba00000, 0x000000008bb00000|  0%| F|  |TAMS 0x000000008ba00000| PB 0x000000008ba00000| Untracked |  0
| 105|0x000000008bb00000, 0x000000008bb00000, 0x000000008bc00000|  0%| F|  |TAMS 0x000000008bb00000| PB 0x000000008bb00000| Untracked |  0
| 106|0x000000008bc00000, 0x000000008bc00000, 0x000000008bd00000|  0%| F|  |TAMS 0x000000008bc00000| PB 0x000000008bc00000| Untracked |  0
| 107|0x000000008bd00000, 0x000000008bd00000, 0x000000008be00000|  0%| F|  |TAMS 0x000000008bd00000| PB 0x000000008bd00000| Untracked |  0
| 108|0x000000008be00000, 0x000000008be00000, 0x000000008bf00000|  0%| F|  |TAMS 0x000000008be00000| PB 0x000000008be00000| Untracked |  0
| 109|0x000000008bf00000, 0x000000008bf00000, 0x000000008c000000|  0%| F|  |TAMS 0x000000008bf00000| PB 0x000000008bf00000| Untracked |  0
| 110|0x000000008c000000, 0x000000008c000000, 0x000000008c100000|  0%| F|  |TAMS 0x000000008c000000| PB 0x000000008c000000| Untracked |  0
| 111|0x000000008c100000, 0x000000008c100000, 0x000000008c200000|  0%| F|  |TAMS 0x000000008c100000| PB 0x000000008c100000| Untracked |  0
| 112|0x000000008c200000, 0x000000008c200000, 0x000000008c300000|  0%| F|  |TAMS 0x000000008c200000| PB 0x000000008c200000| Untracked |  0
| 113|0x000000008c300000, 0x000000008c300000, 0x000000008c400000|  0%| F|  |TAMS 0x000000008c300000| PB 0x000000008c300000| Untracked |  0
| 114|0x000000008c400000, 0x000000008c480000, 0x000000008c500000| 50%| E|  |TAMS 0x000000008c400000| PB 0x000000008c400000| Complete |  0
| 115|0x000000008c500000, 0x000000008c600000, 0x000000008c600000|100%| E|CS|TAMS 0x000000008c500000| PB 0x000000008c500000| Complete |  0
| 116|0x000000008c600000, 0x000000008c700000, 0x000000008c700000|100%| E|CS|TAMS 0x000000008c600000| PB 0x000000008c600000| Complete |  0
| 117|0x000000008c700000, 0x000000008c800000, 0x000000008c800000|100%| E|CS|TAMS 0x000000008c700000| PB 0x000000008c700000| Complete |  0
| 118|0x000000008c800000, 0x000000008c900000, 0x000000008c900000|100%| E|CS|TAMS 0x000000008c800000| PB 0x000000008c800000| Complete |  0
| 119|0x000000008c900000, 0x000000008ca00000, 0x000000008ca00000|100%| E|CS|TAMS 0x000000008c900000| PB 0x000000008c900000| Complete |  0
| 120|0x000000008ca00000, 0x000000008cb00000, 0x000000008cb00000|100%| E|CS|TAMS 0x000000008ca00000| PB 0x000000008ca00000| Complete |  0
| 121|0x000000008cb00000, 0x000000008cc00000, 0x000000008cc00000|100%| E|CS|TAMS 0x000000008cb00000| PB 0x000000008cb00000| Complete |  0
| 122|0x000000008cc00000, 0x000000008cd00000, 0x000000008cd00000|100%| E|CS|TAMS 0x000000008cc00000| PB 0x000000008cc00000| Complete |  0
| 123|0x000000008cd00000, 0x000000008ce00000, 0x000000008ce00000|100%| E|CS|TAMS 0x000000008cd00000| PB 0x000000008cd00000| Complete |  0
|1964|0x00000000ffe00000, 0x00000000fff00000, 0x00000000fff00000|100%| O|  |TAMS 0x00000000ffe00000| PB 0x00000000ffe00000| Untracked |  0
|1965|0x00000000fff00000, 0x00000000fff1c318, 0x0000000100000000| 11%| O|  |TAMS 0x00000000fff00000| PB 0x00000000fff00000| Untracked |  0

Card table byte_map: [0x00000174e4ab0000,0x00000174e4e90000] _byte_map_base: 0x00000174e4687000

Marking Bits: (CMBitMap*) 0x00000174cc391fb0
 Bits: [0x00000174e4e90000, 0x00000174e6d48000)

Polling page: 0x00000174cba20000

Metaspace:

Usage:
  Non-class:      5.00 MB used.
      Class:    479.09 KB used.
       Both:      5.47 MB used.

Virtual space:
  Non-class space:       64.00 MB reserved,       5.06 MB (  8%) committed,  1 nodes.
      Class space:        1.00 GB reserved,     512.00 KB ( <1%) committed,  1 nodes.
             Both:        1.06 GB reserved,       5.56 MB ( <1%) committed. 

Chunk freelists:
   Non-Class:  10.94 MB
       Class:  15.51 MB
        Both:  26.46 MB

MaxMetaspaceSize: unlimited
CompressedClassSpaceSize: 1.00 GB
Initial GC threshold: 21.00 MB
Current GC threshold: 21.00 MB
CDS: on
 - commit_granule_bytes: 65536.
 - commit_granule_words: 8192.
 - virtual_space_node_default_size: 8388608.
 - enlarge_chunks_in_place: 1.
UseCompressedClassPointers 1, UseCompactObjectHeaders 0
Narrow klass pointer bits 32, Max shift 3
Narrow klass base: 0x0000017480000000, Narrow klass shift: 0
Encoding Range: [0x0000017480000000 - 0x0000017580000000), (4294967296 bytes)
Klass Range:    [0x0000017480000000 - 0x00000174c1000000), (1090519040 bytes)
Klass ID Range:  [8 - 1090519033) (1090519025)


Internal statistics:

num_allocs_failed_limit: 0.
num_arena_births: 54.
num_arena_deaths: 0.
num_vsnodes_births: 2.
num_vsnodes_deaths: 0.
num_space_committed: 89.
num_space_uncommitted: 0.
num_chunks_returned_to_freelist: 0.
num_chunks_taken_from_freelist: 63.
num_chunk_merges: 0.
num_chunk_splits: 41.
num_chunks_enlarged: 24.
num_inconsistent_stats: 0.

CodeHeap 'non-profiled nmethods': size=119232Kb used=176Kb max_used=176Kb free=119056Kb
 bounds [0x00000174dc9d0000, 0x00000174dcc40000, 0x00000174e3e40000]
CodeHeap 'profiled nmethods': size=119104Kb used=965Kb max_used=965Kb free=118138Kb
 bounds [0x00000174d4e40000, 0x00000174d50b0000, 0x00000174dc290000]
CodeHeap 'non-nmethods': size=7424Kb used=3047Kb max_used=3057Kb free=4376Kb
 bounds [0x00000174dc290000, 0x00000174dc590000, 0x00000174dc9d0000]
CodeCache: size=245760Kb, used=4188Kb, max_used=4198Kb, free=241570Kb
 total_blobs=1235, nmethods=710, adapters=427, full_count=0
Compilation: enabled, stopped_count=0, restarted_count=0

Compilation events (20 events):
Event: 1.239 Thread 0x00000174e949dd90  678       4       java.lang.String::toString (2 bytes)
Event: 1.239 Thread 0x00000174e949dd90 nmethod 678 0x00000174dc9f8e88 code [0x00000174dc9f8f80, 0x00000174dc9f8ff8]
Event: 1.243 Thread 0x00000174c50b9f90  680       1       java.lang.reflect.Field::getName (5 bytes)
Event: 1.243 Thread 0x00000174c50b9f90 nmethod 680 0x00000174dc9f9488 code [0x00000174dc9f9580, 0x00000174dc9f9648]
Event: 1.244 Thread 0x00000174c50b9800  681       3       sun.util.logging.PlatformLogger::isLoggable (23 bytes)
Event: 1.244 Thread 0x00000174c501a0a0  682       3       jdk.internal.logger.AbstractLoggerWrapper::isLoggable (26 bytes)
Event: 1.244 Thread 0x00000174c50b9070  683       3       jdk.internal.logger.LazyLoggers$LazyLoggerWrapper::platformProxy (10 bytes)
Event: 1.244 Thread 0x00000174c50b9800 nmethod 681 0x00000174d4f2a488 code [0x00000174d4f2a5c0, 0x00000174d4f2a890]
Event: 1.244 Thread 0x00000174c50b9070 nmethod 683 0x00000174d4f2a908 code [0x00000174d4f2aa20, 0x00000174d4f2abb8]
Event: 1.244 Thread 0x00000174c501a0a0 nmethod 682 0x00000174d4f2ac08 code [0x00000174d4f2ad80, 0x00000174d4f2b388]
Event: 1.244 Thread 0x00000174c501a0a0  686       3       jdk.internal.logger.SimpleConsoleLogger::effectiveLevel (17 bytes)
Event: 1.244 Thread 0x00000174c50b9f90  685       3       jdk.internal.logger.SimpleConsoleLogger::isLoggable (29 bytes)
Event: 1.244 Thread 0x00000174c50b9800  684   !   3       jdk.internal.logger.LazyLoggers$LazyLoggerAccessor::platform (107 bytes)
Event: 1.244 Thread 0x00000174c50b9070  687       3       jdk.internal.logger.SurrogateLogger::defaultPlatformLevel (4 bytes)
Event: 1.244 Thread 0x00000174c501a0a0 nmethod 686 0x00000174d4f2b408 code [0x00000174d4f2b540, 0x00000174d4f2b760]
Event: 1.245 Thread 0x00000174c50b9f90 nmethod 685 0x00000174d4f2b788 code [0x00000174d4f2b8c0, 0x00000174d4f2bce0]
Event: 1.245 Thread 0x00000174c50b9070 nmethod 687 0x00000174d4f2bd08 code [0x00000174d4f2be20, 0x00000174d4f2bf30]
Event: 1.245 Thread 0x00000174c50b9800 nmethod 684 0x00000174d4f2c008 code [0x00000174d4f2c1c0, 0x00000174d4f2cf20]
Event: 1.245 Thread 0x00000174c50b9070  688   !   3       sun.awt.AppContext::get (123 bytes)
Event: 2.245 Thread 0x00000174c50b9070 nmethod 688 0x00000174d4f2cf88 code [0x00000174d4f2d120, 0x00000174d4f2dc88]

GC Heap History (0 events):
No events

Dll operation events (7 events):
Event: 0.008 Loaded shared library C:\Program Files\Apache NetBeans\jdk\bin\java.dll
Event: 0.036 Loaded shared library C:\Program Files\Apache NetBeans\jdk\bin\jsvml.dll
Event: 0.060 Loaded shared library C:\Program Files\Apache NetBeans\jdk\bin\net.dll
Event: 0.062 Loaded shared library C:\Program Files\Apache NetBeans\jdk\bin\nio.dll
Event: 0.080 Loaded shared library C:\Program Files\Apache NetBeans\jdk\bin\zip.dll
Event: 1.113 Loaded shared library C:\Program Files\Apache NetBeans\jdk\bin\jimage.dll
Event: 1.123 Loaded shared library C:\Program Files\Apache NetBeans\jdk\bin\awt.dll

Deoptimization events (4 events):
Event: 1.194 Thread 0x00000174c9f03df0 Uncommon trap: trap_request=0xffffff4d fr.pc=0x00000174dc9e22e8 relative=0x00000000000008a8
Event: 1.194 Thread 0x00000174c9f03df0 Uncommon trap: reason=unstable_if action=reinterpret pc=0x00000174dc9e22e8 method=java.util.HashMap.putVal(ILjava/lang/Object;Ljava/lang/Object;ZZ)Ljava/lang/Object; @ 81 c2
Event: 1.194 Thread 0x00000174c9f03df0 DEOPT PACKING pc=0x00000174dc9e22e8 sp=0x000000071d9fe0e0
Event: 1.194 Thread 0x00000174c9f03df0 DEOPT UNPACKING pc=0x00000174dc3a7e02 sp=0x000000071d9fe070 mode 2

Classes loaded (20 events):
Event: 1.242 Loading class java/lang/invoke/DirectMethodHandle$StaticAccessor
Event: 1.243 Loading class java/lang/invoke/DirectMethodHandle$StaticAccessor done
Event: 1.243 Loading class jdk/internal/reflect/MethodHandleIntegerFieldAccessorImpl
Event: 1.243 Loading class jdk/internal/reflect/MethodHandleIntegerFieldAccessorImpl done
Event: 1.244 Loading class javax/swing/plaf/basic/LazyActionMap
Event: 1.244 Loading class javax/swing/plaf/ActionMapUIResource
Event: 1.244 Loading class javax/swing/ActionMap
Event: 1.244 Loading class javax/swing/ActionMap done
Event: 1.244 Loading class javax/swing/plaf/ActionMapUIResource done
Event: 1.244 Loading class javax/swing/plaf/basic/LazyActionMap done
Event: 1.245 Loading class javax/swing/plaf/metal/MetalLabelUI
Event: 1.245 Loading class javax/swing/plaf/basic/BasicLabelUI
Event: 1.245 Loading class javax/swing/plaf/LabelUI
Event: 1.245 Loading class javax/swing/plaf/LabelUI done
Event: 1.245 Loading class javax/swing/plaf/basic/BasicLabelUI done
Event: 1.245 Loading class javax/swing/plaf/metal/MetalLabelUI done
Event: 1.245 Loading class javax/swing/plaf/basic/BasicHTML
Event: 1.246 Loading class javax/swing/plaf/basic/BasicHTML done
Event: 2.183 Loading class sun/awt/AppContext$PostShutdownEventRunnable
Event: 2.184 Loading class sun/awt/AppContext$PostShutdownEventRunnable done

Classes unloaded (0 events):
No events

Classes redefined (0 events):
No events

Internal exceptions (20 events):
Event: 0.063 Thread 0x00000174c9f03df0 Exception <a 'sun/nio/fs/WindowsException'{0x000000008ccd9918}> (0x000000008ccd9918) 
thrown [s\src\hotspot\share\prims\jni.cpp, line 518]
Event: 0.064 Thread 0x00000174c9f03df0 Exception <a 'sun/nio/fs/WindowsException'{0x000000008ccdbb90}> (0x000000008ccdbb90) 
thrown [s\src\hotspot\share\prims\jni.cpp, line 518]
Event: 0.064 Thread 0x00000174c9f03df0 Exception <a 'sun/nio/fs/WindowsException'{0x000000008ccdc5c8}> (0x000000008ccdc5c8) 
thrown [s\src\hotspot\share\prims\jni.cpp, line 518]
Event: 1.118 Thread 0x00000174c9f03df0 Exception <a 'java/lang/ClassNotFoundException'{0x000000008ca25650}: sun/awt/resources/spi/awtProvider> (0x000000008ca25650) 
thrown [s\src\hotspot\share\classfile\systemDictionary.cpp, line 327]
Event: 1.130 Thread 0x00000174c9f03df0 Exception <a 'java/io/FileNotFoundException'{0x000000008ca45d00}> (0x000000008ca45d00) 
thrown [s\src\hotspot\share\prims\jni.cpp, line 518]
Event: 1.133 Thread 0x00000174c9f03df0 Exception <a 'java/io/FileNotFoundException'{0x000000008ca585e8}> (0x000000008ca585e8) 
thrown [s\src\hotspot\share\prims\jni.cpp, line 518]
Event: 1.154 Thread 0x00000174c9f03df0 Exception <a 'java/lang/NoSuchMethodError'{0x000000008caa3648}: 'java.lang.Object java.lang.invoke.DirectMethodHandle$Holder.invokeStaticInit(java.lang.Object)'> (0x000000008caa3648) 
thrown [s\src\hotspot\share\interpreter\linkResolver.cpp, line 805]
Event: 1.177 Thread 0x00000174c9f03df0 Exception <a 'java/lang/NoSuchMethodError'{0x000000008cad4e78}: 'int java.lang.invoke.DirectMethodHandle$Holder.invokeStaticInit(java.lang.Object, int)'> (0x000000008cad4e78) 
thrown [s\src\hotspot\share\interpreter\linkResolver.cpp, line 805]
Event: 1.178 Thread 0x00000174c9f03df0 Exception <a 'java/lang/NoSuchMethodError'{0x000000008cadd698}: 'long java.lang.invoke.DirectMethodHandle$Holder.invokeStatic(java.lang.Object, java.lang.Object)'> (0x000000008cadd698) 
thrown [s\src\hotspot\share\interpreter\linkResolver.cpp, line 805]
Event: 1.179 Thread 0x00000174c9f03df0 Exception <a 'java/lang/NoSuchMethodError'{0x000000008cae56b8}: 'long java.lang.invoke.DirectMethodHandle$Holder.invokeStaticInit(java.lang.Object, java.lang.Object)'> (0x000000008cae56b8) 
thrown [s\src\hotspot\share\interpreter\linkResolver.cpp, line 805]
Event: 1.179 Thread 0x00000174c9f03df0 Exception <a 'java/lang/NoSuchMethodError'{0x000000008caedf00}: 'java.lang.Object java.lang.invoke.DirectMethodHandle$Holder.invokeStatic(java.lang.Object, long, java.lang.Object)'> (0x000000008caedf00) 
thrown [s\src\hotspot\share\interpreter\linkResolver.cpp, line 805]
Event: 1.180 Thread 0x00000174c9f03df0 Exception <a 'java/lang/NoSuchMethodError'{0x000000008caf6018}: 'java.lang.Object java.lang.invoke.DirectMethodHandle$Holder.invokeStaticInit(java.lang.Object, long, java.lang.Object)'> (0x000000008caf6018) 
thrown [s\src\hotspot\share\interpreter\linkResolver.cpp, line 805]
Event: 1.180 Thread 0x00000174c9f03df0 Exception <a 'java/lang/NoSuchMethodError'{0x000000008cafe450}: 'java.lang.Object java.lang.invoke.DirectMethodHandle$Holder.invokeStatic(java.lang.Object, long)'> (0x000000008cafe450) 
thrown [s\src\hotspot\share\interpreter\linkResolver.cpp, line 805]
Event: 1.181 Thread 0x00000174c9f03df0 Exception <a 'java/lang/NoSuchMethodError'{0x000000008c986890}: 'java.lang.Object java.lang.invoke.DirectMethodHandle$Holder.invokeStaticInit(java.lang.Object, long)'> (0x000000008c986890) 
thrown [s\src\hotspot\share\interpreter\linkResolver.cpp, line 805]
Event: 1.195 Thread 0x00000174c9f03df0 Exception <a 'java/lang/NoSuchMethodError'{0x000000008c9b6cd8}: 'void java.lang.invoke.DirectMethodHandle$Holder.invokeSpecial(java.lang.Object, java.lang.Object, java.lang.Object)'> (0x000000008c9b6cd8) 
thrown [s\src\hotspot\share\interpreter\linkResolver.cpp, line 805]
Event: 1.204 Thread 0x00000174c9f03df0 Exception <a 'java/lang/NoSuchMethodError'{0x000000008c826760}: 'java.lang.Object java.lang.invoke.DirectMethodHandle$Holder.newInvokeSpecial(java.lang.Object, java.lang.Object, java.lang.Object, java.lang.Object, java.lang.Object)'> (0x000000008c826760) 
thrown [s\src\hotspot\share\interpreter\linkResolver.cpp, line 805]
Event: 1.209 Thread 0x00000174c9f03df0 Exception <a 'java/lang/NoSuchMethodError'{0x000000008c88eec0}: 'java.lang.Object java.lang.invoke.DirectMethodHandle$Holder.invokeStatic(java.lang.Object, int, java.lang.Object)'> (0x000000008c88eec0) 
thrown [s\src\hotspot\share\interpreter\linkResolver.cpp, line 805]
Event: 1.234 Thread 0x00000174c9f03df0 Exception <a 'java/lang/ClassNotFoundException'{0x000000008c6bc710}: com/sun/swing/internal/plaf/metal/resources/spi/metalProvider> (0x000000008c6bc710) 
thrown [s\src\hotspot\share\classfile\systemDictionary.cpp, line 327]
Event: 1.234 Thread 0x00000174c9f03df0 Exception <a 'java/lang/ClassNotFoundException'{0x000000008c6c0170}: com/sun/swing/internal/plaf/basic/resources/spi/basicProvider> (0x000000008c6c0170) 
thrown [s\src\hotspot\share\classfile\systemDictionary.cpp, line 327]
Event: 1.243 Thread 0x00000174c9f03df0 Exception <a 'java/lang/NoSuchMethodError'{0x000000008c6edc28}: 'int java.lang.invoke.Invokers$Holder.invokeExact_MT(java.lang.Object, java.lang.Object)'> (0x000000008c6edc28) 
thrown [s\src\hotspot\share\interpreter\linkResolver.cpp, line 805]

VM Operations (2 events):
Event: 0.065 Executing VM operation: HandshakeAllThreads (Deoptimize)
Event: 0.065 Executing VM operation: HandshakeAllThreads (Deoptimize) done

Memory protections (0 events):
No events

Nmethod flushes (0 events):
No events

Events (18 events):
Event: 0.024 Thread 0x00000174c9f03df0 Thread added: 0x00000174c9f03df0
Event: 0.033 Thread 0x00000174c9f03df0 Thread added: 0x00000174e94785c0
Event: 0.033 Thread 0x00000174c9f03df0 Thread added: 0x00000174e9478d00
Event: 0.034 Thread 0x00000174c9f03df0 Thread added: 0x00000174e9479440
Event: 0.034 Thread 0x00000174c9f03df0 Thread added: 0x00000174e947a300
Event: 0.034 Thread 0x00000174c9f03df0 Thread added: 0x00000174e949ae40
Event: 0.034 Thread 0x00000174c9f03df0 Thread added: 0x00000174e949baa0
Event: 0.034 Thread 0x00000174c9f03df0 Thread added: 0x00000174e949dd90
Event: 0.034 Thread 0x00000174c9f03df0 Thread added: 0x00000174c501a0a0
Event: 0.040 Thread 0x00000174e949dd90 Thread added: 0x00000174c50b9070
Event: 0.059 Thread 0x00000174c9f03df0 Thread added: 0x00000174c512b1c0
Event: 0.066 Thread 0x00000174c501a0a0 Thread added: 0x00000174c50b9f90
Event: 0.069 Thread 0x00000174c501a0a0 Thread added: 0x00000174c50ba720
Event: 0.072 Thread 0x00000174c9f03df0 Thread added: 0x00000174c523cd10
Event: 0.075 Thread 0x00000174c501a0a0 Thread added: 0x00000174c50b9800
Event: 1.166 Thread 0x00000174c9f03df0 Thread added: 0x00000174c58bc0c0
Event: 1.167 Thread 0x00000174c9f03df0 Thread added: 0x00000174c58bc800
Event: 1.167 Thread 0x00000174c9f03df0 Thread added: 0x00000174c55e6aa0


Dynamic libraries:
0x00007ff771d00000 - 0x00007ff771d0e000 	C:\Program Files\Apache NetBeans\jdk\bin\java.exe
0x00007ffc98b00000 - 0x00007ffc98d65000 	C:\WINDOWS\SYSTEM32\ntdll.dll
0x00007ffc970b0000 - 0x00007ffc97179000 	C:\WINDOWS\System32\KERNEL32.DLL
0x00007ffc95e00000 - 0x00007ffc961e8000 	C:\WINDOWS\System32\KERNELBASE.dll
0x00007ffc965e0000 - 0x00007ffc9672b000 	C:\WINDOWS\System32\ucrtbase.dll
0x00007ffc28c70000 - 0x00007ffc28c86000 	C:\Program Files\Apache NetBeans\jdk\bin\jli.dll
0x00007ffc5c960000 - 0x00007ffc5c97e000 	C:\Program Files\Apache NetBeans\jdk\bin\VCRUNTIME140.dll
0x00007ffc96a80000 - 0x00007ffc96c4a000 	C:\WINDOWS\System32\USER32.dll
0x00007ffc95dd0000 - 0x00007ffc95df7000 	C:\WINDOWS\System32\win32u.dll
0x00007ffc711f0000 - 0x00007ffc7148a000 	C:\WINDOWS\WinSxS\amd64_microsoft.windows.common-controls_6595b64144ccf1df_6.0.26100.4202_none_3e0698d4e335f517\COMCTL32.dll
0x00007ffc96a50000 - 0x00007ffc96a7b000 	C:\WINDOWS\System32\GDI32.dll
0x00007ffc97000000 - 0x00007ffc970a9000 	C:\WINDOWS\System32\msvcrt.dll
0x00007ffc96400000 - 0x00007ffc96537000 	C:\WINDOWS\System32\gdi32full.dll
0x00007ffc967f0000 - 0x00007ffc96893000 	C:\WINDOWS\System32\msvcp_win.dll
0x00007ffc972f0000 - 0x00007ffc97320000 	C:\WINDOWS\System32\IMM32.DLL
0x00007ffc84f60000 - 0x00007ffc84f6c000 	C:\Program Files\Apache NetBeans\jdk\bin\vcruntime140_1.dll
0x00007ffc28510000 - 0x00007ffc2859d000 	C:\Program Files\Apache NetBeans\jdk\bin\msvcp140.dll
0x00007ffc28cd0000 - 0x00007ffc29b4c000 	C:\Program Files\Apache NetBeans\jdk\bin\server\jvm.dll
0x00007ffc96f40000 - 0x00007ffc96ff3000 	C:\WINDOWS\System32\ADVAPI32.dll
0x00007ffc97460000 - 0x00007ffc97506000 	C:\WINDOWS\System32\sechost.dll
0x00007ffc97510000 - 0x00007ffc97625000 	C:\WINDOWS\System32\RPCRT4.dll
0x00007ffc97b30000 - 0x00007ffc97ba4000 	C:\WINDOWS\System32\WS2_32.dll
0x00007ffc95aa0000 - 0x00007ffc95afe000 	C:\WINDOWS\SYSTEM32\POWRPROF.dll
0x00007ffc83600000 - 0x00007ffc8360b000 	C:\WINDOWS\SYSTEM32\VERSION.dll
0x00007ffc8b190000 - 0x00007ffc8b1c5000 	C:\WINDOWS\SYSTEM32\WINMM.dll
0x00007ffc95a80000 - 0x00007ffc95a94000 	C:\WINDOWS\SYSTEM32\UMPDC.dll
0x00007ffc94a10000 - 0x00007ffc94a2b000 	C:\WINDOWS\SYSTEM32\kernel.appcore.dll
0x00007ffc703b0000 - 0x00007ffc703ba000 	C:\Program Files\Apache NetBeans\jdk\bin\jimage.dll
0x00007ffc93380000 - 0x00007ffc935c1000 	C:\WINDOWS\SYSTEM32\DBGHELP.DLL
0x00007ffc97720000 - 0x00007ffc97aa5000 	C:\WINDOWS\System32\combase.dll
0x00007ffc988b0000 - 0x00007ffc98991000 	C:\WINDOWS\System32\OLEAUT32.dll
0x00007ffc6b240000 - 0x00007ffc6b279000 	C:\WINDOWS\SYSTEM32\dbgcore.DLL
0x00007ffc96540000 - 0x00007ffc965d9000 	C:\WINDOWS\System32\bcryptPrimitives.dll
0x00007ffc46f10000 - 0x00007ffc46f2e000 	C:\Program Files\Apache NetBeans\jdk\bin\java.dll
0x00007ffc968a0000 - 0x00007ffc96a3e000 	C:\WINDOWS\System32\ole32.dll
0x00007ffc97bb0000 - 0x00007ffc982f2000 	C:\WINDOWS\System32\SHELL32.dll
0x00007ffc961f0000 - 0x00007ffc96364000 	C:\WINDOWS\System32\wintypes.dll
0x00007ffc93880000 - 0x00007ffc940d8000 	C:\WINDOWS\SYSTEM32\windows.storage.dll
0x00007ffc96c50000 - 0x00007ffc96d41000 	C:\WINDOWS\System32\SHCORE.dll
0x00007ffc976b0000 - 0x00007ffc9771a000 	C:\WINDOWS\System32\shlwapi.dll
0x00007ffc95b60000 - 0x00007ffc95b8f000 	C:\WINDOWS\SYSTEM32\profapi.dll
0x00007ffc28b90000 - 0x00007ffc28c67000 	C:\Program Files\Apache NetBeans\jdk\bin\jsvml.dll
0x00007ffc2a1b0000 - 0x00007ffc2a1c0000 	C:\Program Files\Apache NetBeans\jdk\bin\net.dll
0x00007ffc94f80000 - 0x00007ffc94fea000 	C:\WINDOWS\system32\mswsock.dll
0x00007ffc28b50000 - 0x00007ffc28b66000 	C:\Program Files\Apache NetBeans\jdk\bin\nio.dll
0x00007ffc28b70000 - 0x00007ffc28b87000 	C:\Program Files\Apache NetBeans\jdk\bin\zip.dll
0x00007ffc289c0000 - 0x00007ffc28b3e000 	C:\Program Files\Apache NetBeans\jdk\bin\awt.dll
0x00007ffc92630000 - 0x00007ffc926ce000 	C:\WINDOWS\SYSTEM32\apphelp.dll
0x00007ffc92ba0000 - 0x00007ffc92bd6000 	C:\WINDOWS\system32\DWMAPI.DLL
0x00007ffc92830000 - 0x00007ffc928df000 	C:\WINDOWS\system32\uxtheme.dll
0x00007ffc283f0000 - 0x00007ffc28504000 	C:\WINDOWS\system32\opengl32.dll
0x00007ffc28990000 - 0x00007ffc289bd000 	C:\WINDOWS\SYSTEM32\GLU32.dll
0x00007ffc92960000 - 0x00007ffc929ad000 	C:\WINDOWS\SYSTEM32\dxcore.dll
0x00007ffc97180000 - 0x00007ffc972e0000 	C:\WINDOWS\System32\MSCTF.dll

JVMTI agents: none

dbghelp: loaded successfully - version: 4.0.5 - missing functions: none
symbol engine: initialized successfully - sym options: 0x614 - pdb path: .;C:\Program Files\Apache NetBeans\jdk\bin;C:\WINDOWS\SYSTEM32;C:\WINDOWS\WinSxS\amd64_microsoft.windows.common-controls_6595b64144ccf1df_6.0.26100.4202_none_3e0698d4e335f517;C:\Program Files\Apache NetBeans\jdk\bin\server

VM Arguments:
jvm_args: -Dfile.encoding=UTF-8 --module-path=E:\OneDrive\Desktop\Electricity Billing System\build\classes 
java_command: electricity.billing.system.Login
java_class_path (initial): E:\OneDrive\Desktop\mysql-connector-java-8.0.28.jar;C:\Users\HP\OneDrive\Documents\rs2xml.jar;E:\OneDrive\Desktop\Electricity Billing System\build\classes
Launcher Type: SUN_STANDARD

[Global flags]
     intx CICompilerCount                          = 12                                        {product} {ergonomic}
     uint ConcGCThreads                            = 3                                         {product} {ergonomic}
     uint G1ConcRefinementThreads                  = 13                                        {product} {ergonomic}
   size_t G1HeapRegionSize                         = 1048576                                   {product} {ergonomic}
   size_t InitialHeapSize                          = 130023424                                 {product} {ergonomic}
   size_t MarkStackSize                            = 4194304                                   {product} {ergonomic}
   size_t MarkStackSizeMax                         = 536870912                                 {product} {ergonomic}
   size_t MaxHeapSize                              = 2061500416                                {product} {ergonomic}
   size_t MaxNewSize                               = 1236271104                                {product} {ergonomic}
   size_t MinHeapDeltaBytes                        = 1048576                                   {product} {ergonomic}
   size_t MinHeapSize                              = 8388608                                   {product} {ergonomic}
    uintx NonNMethodCodeHeapSize                   = 7602176                                {pd product} {ergonomic}
    uintx NonProfiledCodeHeapSize                  = 122093568                              {pd product} {ergonomic}
    uintx ProfiledCodeHeapSize                     = 121962496                              {pd product} {ergonomic}
    uintx ReservedCodeCacheSize                    = 251658240                              {pd product} {ergonomic}
     bool SegmentedCodeCache                       = true                                      {product} {ergonomic}
   size_t SoftMaxHeapSize                          = 2061500416                             {manageable} {ergonomic}
     bool UseCompressedOops                        = true                           {product lp64_product} {ergonomic}
     bool UseG1GC                                  = true                                      {product} {ergonomic}
     bool UseLargePagesIndividualAllocation        = false                                  {pd product} {ergonomic}

Logging:
Log output configuration:
 #0: stdout all=warning uptime,level,tags foldmultilines=false
 #1: stderr all=off uptime,level,tags foldmultilines=false

Environment Variables:
PATH=C:\Program Files\Common Files\Oracle\Java\javapath;C:\ProgramData\Oracle\Java\javapath;C:\WINDOWS\system32;C:\WINDOWS;C:\WINDOWS\System32\Wbem;C:\WINDOWS\System32\WindowsPowerShell\v1.0\;C:\WINDOWS\System32\OpenSSH\;C:\Program Files\nodejs\;C:\Program Files\HP\HP One Agent;D:\xaamp\php;C:\ProgramData\ComposerSetup\bin;C:\Program Files\Git\cmd;C:\Program Files\Git\mingw64\bin;C:\Program Files\Git\usr\bin;C:\WINDOWS\system32;C:\WINDOWS;C:\WINDOWS\System32\Wbem;C:\WINDOWS\System32\WindowsPowerShell\v1.0\;C:\WINDOWS\System32\OpenSSH\;C:\Program Files (x86)\Java\jre1.8.0_161\bin;C:\Program Files\MongoDB\Server\8.0\bin;D:\mongosh-2.5.6-win32-x64\mongosh-2.5.6-win32-x64\bin;C:\Program Files\apache-maven-3.9.11\bin;C:\Program Files\MySQL\MySQL Shell 8.0\bin\;C:\Users\HP\AppData\Local\Programs\Python\Python311\Scripts\;C:\Users\HP\AppData\Local\Programs\Python\Python311\;C:\Users\HP\AppData\Local\Microsoft\WindowsApps;C:\Users\HP\AppData\Local\Programs\Microsoft VS Code\bin;C:\Users\HP\AppData\Roaming\npm;C:\MinGW\bin;C:\Users\HP\AppData\Roaming\Composer\vendor\bin;C:\Program Files\JetBrains\PyCharm Community Edition 2024.2.3\bin;;C:\Program Files\Java\jdk-24\bin;
USERNAME=HP
OS=Windows_NT
PROCESSOR_IDENTIFIER=Intel64 Family 6 Model 154 Stepping 3, GenuineIntel
TMP=C:\Users\HP\AppData\Local\Temp
TEMP=C:\Users\HP\AppData\Local\Temp




Periodic native trim disabled

---------------  S Y S T E M  ---------------

OS:
 Windows 11 , 64 bit Build 26100 (10.0.26100.4202)
OS uptime: 0 days 2:30 hours
Hyper-V role detected

CPU: total 16 (initial active 16) (8 cores per cpu, 2 threads per core) family 6 model 154 stepping 3 microcode 0x42c, cx8, cmov, fxsr, ht, mmx, 3dnowpref, sse, sse2, sse3, ssse3, sse4.1, sse4.2, popcnt, lzcnt, tsc, tscinvbit, avx, avx2, aes, erms, clmul, bmi1, bmi2, adx, sha, fma, vzeroupper, clflush, clflushopt, clwb, hv, serialize, rdtscp, rdpid, fsrm, gfni, f16c, cet_ibt, cet_ss
Processor Information for processor 0
  Max Mhz: 1700, Current Mhz: 1700, Mhz Limit: 1700
Processor Information for processor 1
  Max Mhz: 1700, Current Mhz: 1700, Mhz Limit: 1700
Processor Information for processor 2
  Max Mhz: 1700, Current Mhz: 1700, Mhz Limit: 1700
Processor Information for processor 3
  Max Mhz: 1700, Current Mhz: 1700, Mhz Limit: 1700
Processor Information for processor 4
  Max Mhz: 1700, Current Mhz: 1700, Mhz Limit: 1700
Processor Information for processor 5
  Max Mhz: 1700, Current Mhz: 1700, Mhz Limit: 1700
Processor Information for processor 6
  Max Mhz: 1700, Current Mhz: 1700, Mhz Limit: 1700
Processor Information for processor 7
  Max Mhz: 1700, Current Mhz: 1700, Mhz Limit: 1700
Processor Information for processor 8
  Max Mhz: 1700, Current Mhz: 1200, Mhz Limit: 1190
Processor Information for processor 9
  Max Mhz: 1700, Current Mhz: 1200, Mhz Limit: 1190
Processor Information for processor 10
  Max Mhz: 1700, Current Mhz: 1200, Mhz Limit: 1190
Processor Information for processor 11
  Max Mhz: 1700, Current Mhz: 1200, Mhz Limit: 1190
Processor Information for processor 12
  Max Mhz: 1700, Current Mhz: 1200, Mhz Limit: 1190
Processor Information for processor 13
  Max Mhz: 1700, Current Mhz: 1200, Mhz Limit: 1190
Processor Information for processor 14
  Max Mhz: 1700, Current Mhz: 1200, Mhz Limit: 1190
Processor Information for processor 15
  Max Mhz: 1700, Current Mhz: 1200, Mhz Limit: 1190

Memory: 4k page, system-wide physical 7863M (761M free)
TotalPageFile size 26613M (AvailPageFile size 12M)
current process WorkingSet (physical memory assigned to process): 65M, peak: 65M
current process commit charge ("private bytes"): 232M, peak: 233M

vm_info: OpenJDK 64-Bit Server VM (24.0.2+12) for windows-amd64 JRE (24.0.2+12) (Zulu24.32+13-CA), built on 2025-07-11T12:45:44Z with MS VC++ 17.1 (VS2022)

END.
