#
# There is insufficient memory for the Java Runtime Environment to continue.
# Native memory allocation (malloc) failed to allocate 1059984 bytes. Error detail: Chunk::new
# Possible reasons:
#   The system is out of physical RAM or swap space
#   This process is running with CompressedOops enabled, and the Java Heap may be blocking the growth of the native heap
# Possible solutions:
#   Reduce memory load on the system
#   Increase physical memory or swap space
#   Check if swap backing store is full
#   Decrease Java heap size (-Xmx/-Xms)
#   Decrease number of Java threads
#   Decrease Java thread stack sizes (-Xss)
#   Set larger code cache with -XX:ReservedCodeCacheSize=
#   JVM is running with Unscaled Compressed Oops mode in which the Java heap is
#     placed in the first 4GB address space. The Java Heap base address is the
#     maximum limit for the native heap growth. Please use -XX:HeapBaseMinAddress
#     to set the Java Heap base and to place the Java Heap above 4GB virtual address.
# This output file may be truncated or incomplete.
#
#  Out of Memory Error (arena.cpp:162), pid=24380, tid=25464
#
# JRE version: OpenJDK Runtime Environment Zulu24.32+13-CA (24.0.2+12) (build 24.0.2+12)
# Java VM: OpenJDK 64-Bit Server VM Zulu24.32+13-CA (24.0.2+12, mixed mode, sharing, tiered, compressed oops, compressed class ptrs, g1 gc, windows-amd64)
# No core dump will be written. Minidumps are not enabled by default on client versions of Windows
#

---------------  S U M M A R Y ------------

Command Line: -Dfile.encoding=UTF-8 --module-path=E:\OneDrive\Desktop\Electricity Billing System\build\classes electricity.billing.system.viewinformation

Host: 12th Gen Intel(R) Core(TM) i5-1240P, 16 cores, 7G,  Windows 11 , 64 bit Build 26100 (10.0.26100.4202)
Time: Sun Sep  7 22:24:55 2025 India Standard Time elapsed time: 3.161359 seconds (0d 0h 0m 3s)

---------------  T H R E A D  ---------------

Current thread (0x0000029b7b0ce710):  JavaThread "C2 CompilerThread0" daemon [_thread_in_native, id=25464, stack(0x000000e237200000,0x000000e237300000) (1024K)]


Current CompileTask:
C2:3161  181       4       java.util.HashMap::putVal (300 bytes)

Stack: [0x000000e237200000,0x000000e237300000]
Native frames: (J=compiled Java code, j=interpreted, Vv=VM code, C=native code)
V  [jvm.dll+0x741329]  (no source info available)
V  [jvm.dll+0x97e243]  (no source info available)
V  [jvm.dll+0x98056d]  (no source info available)
V  [jvm.dll+0x980be3]  (no source info available)
V  [jvm.dll+0x2b5a76]  (no source info available)
V  [jvm.dll+0xd00af]  (no source info available)
V  [jvm.dll+0xd030f]  (no source info available)
V  [jvm.dll+0x15b85f]  (no source info available)
V  [jvm.dll+0x746bef]  (no source info available)
V  [jvm.dll+0x27a478]  (no source info available)
V  [jvm.dll+0x279591]  (no source info available)
V  [jvm.dll+0x1f30fa]  (no source info available)
V  [jvm.dll+0x288d95]  (no source info available)
V  [jvm.dll+0x28702a]  (no source info available)
V  [jvm.dll+0x43e016]  (no source info available)
V  [jvm.dll+0x920c78]  (no source info available)
V  [jvm.dll+0x73fab5]  (no source info available)
C  [ucrtbase.dll+0x37b0]  (no source info available)
C  [KERNEL32.DLL+0x2e8d7]  (no source info available)
C  [ntdll.dll+0x3c34c]  (no source info available)

Lock stack of current Java thread (top to bottom):


---------------  P R O C E S S  ---------------

Threads class SMR info:
_java_thread_list=0x0000029b54123240, length=14, elements={
0x0000029b6a29f680, 0x0000029b7b0b3a40, 0x0000029b7b0b4180, 0x0000029b7b0b8210,
0x0000029b7b0b90d0, 0x0000029b7b0ba9f0, 0x0000029b7b0bd1d0, 0x0000029b7b0ce710,
0x0000029b7b0d92f0, 0x0000029b54064ff0, 0x0000029b54102610, 0x0000029b5417b490,
0x0000029b541a03c0, 0x0000029b541b7a60
}

Java Threads: ( => current thread )
  0x0000029b6a29f680 JavaThread "main"                              [_thread_in_vm, id=10356, stack(0x000000e236400000,0x000000e236500000) (1024K)]
  0x0000029b7b0b3a40 JavaThread "Reference Handler"          daemon [_thread_blocked, id=29816, stack(0x000000e236c00000,0x000000e236d00000) (1024K)]
  0x0000029b7b0b4180 JavaThread "Finalizer"                  daemon [_thread_blocked, id=23412, stack(0x000000e236d00000,0x000000e236e00000) (1024K)]
  0x0000029b7b0b8210 JavaThread "Signal Dispatcher"          daemon [_thread_blocked, id=29952, stack(0x000000e236e00000,0x000000e236f00000) (1024K)]
  0x0000029b7b0b90d0 JavaThread "Attach Listener"            daemon [_thread_blocked, id=2380, stack(0x000000e236f00000,0x000000e237000000) (1024K)]
  0x0000029b7b0ba9f0 JavaThread "Service Thread"             daemon [_thread_blocked, id=30044, stack(0x000000e237000000,0x000000e237100000) (1024K)]
  0x0000029b7b0bd1d0 JavaThread "Monitor Deflation Thread"   daemon [_thread_blocked, id=29364, stack(0x000000e237100000,0x000000e237200000) (1024K)]
=>0x0000029b7b0ce710 JavaThread "C2 CompilerThread0"         daemon [_thread_in_native, id=25464, stack(0x000000e237200000,0x000000e237300000) (1024K)]
  0x0000029b7b0d92f0 JavaThread "C1 CompilerThread0"         daemon [_thread_blocked, id=10376, stack(0x000000e237300000,0x000000e237400000) (1024K)]
  0x0000029b54064ff0 JavaThread "C1 CompilerThread1"         daemon [_thread_blocked, id=15552, stack(0x000000e237400000,0x000000e237500000) (1024K)]
  0x0000029b54102610 JavaThread "Common-Cleaner"             daemon [_thread_blocked, id=18440, stack(0x000000e237500000,0x000000e237600000) (1024K)]
  0x0000029b5417b490 JavaThread "Notification Thread"        daemon [_thread_blocked, id=29820, stack(0x000000e237700000,0x000000e237800000) (1024K)]
  0x0000029b541a03c0 JavaThread "C1 CompilerThread2"         daemon [_thread_blocked, id=8640, stack(0x000000e237800000,0x000000e237900000) (1024K)]
  0x0000029b541b7a60 JavaThread "C1 CompilerThread3"         daemon [_thread_blocked, id=1416, stack(0x000000e237900000,0x000000e237a00000) (1024K)]
Total: 14

Other Threads:
  0x0000029b7b0a45c0 VMThread "VM Thread"                           [id=14656, stack(0x000000e236b00000,0x000000e236c00000) (1024K)]
  0x0000029b7b095410 WatcherThread "VM Periodic Task Thread"        [id=26884, stack(0x000000e236a00000,0x000000e236b00000) (1024K)]
  0x0000029b6c73fc10 WorkerThread "GC Thread#0"                     [id=24016, stack(0x000000e236500000,0x000000e236600000) (1024K)]
  0x0000029b6c753fa0 ConcurrentGCThread "G1 Main Marker"            [id=16948, stack(0x000000e236600000,0x000000e236700000) (1024K)]
  0x0000029b6c7559a0 WorkerThread "G1 Conc#0"                       [id=25776, stack(0x000000e236700000,0x000000e236800000) (1024K)]
  0x0000029b7af5f8d0 ConcurrentGCThread "G1 Refine#0"               [id=25300, stack(0x000000e236800000,0x000000e236900000) (1024K)]
  0x0000029b7af60260 ConcurrentGCThread "G1 Service"                [id=14808, stack(0x000000e236900000,0x000000e236a00000) (1024K)]
Total: 7

Threads with active compile tasks:
C2 CompilerThread0  3255  181       4       java.util.HashMap::putVal (300 bytes)
Total: 1

VM state: not at safepoint (normal execution)

VM Mutex/Monitor currently owned by a thread:  ([mutex/lock_event])
[0x00007ffc29a63048] Metaspace_lock - owner thread: 0x0000029b6a29f680

Heap address: 0x0000000085200000, size: 1966 MB, Compressed Oops mode: 32-bit

CDS archive(s) mapped at: [0x0000029b0f000000-0x0000029b0fd40000-0x0000029b0fd40000), size 13893632, SharedBaseAddress: 0x0000029b0f000000, ArchiveRelocationMode: 1.
Compressed class space mapped at: 0x0000029b10000000-0x0000029b50000000, reserved size: 1073741824
UseCompressedClassPointers 1, UseCompactObjectHeaders 0
Narrow klass pointer bits 32, Max shift 3
Narrow klass base: 0x0000029b0f000000, Narrow klass shift: 0
Encoding Range: [0x0000029b0f000000 - 0x0000029c0f000000), (4294967296 bytes)
Klass Range:    [0x0000029b0f000000 - 0x0000029b50000000), (1090519040 bytes)
Klass ID Range:  [8 - 1090519033) (1090519025)

GC Precious Log:
 CardTable entry size: 512
 Card Set container configuration: InlinePtr #cards 5 size 8 Array Of Cards #cards 10 size 36 Howl #buckets 4 coarsen threshold 1843 Howl Bitmap #cards 512 size 80 coarsen threshold 460 Card regions per heap region 1 cards per card region 2048
 CPUs: 16 total, 16 available
 Memory: 7863M
 Large Page Support: Disabled
 NUMA Support: Disabled
 Compressed Oops: Enabled (32-bit)
 Heap Region Size: 1M
 Heap Min Capacity: 8M
 Heap Initial Capacity: 124M
 Heap Max Capacity: 1966M
 Pre-touch: Disabled
 Parallel Workers: 13
 Concurrent Workers: 3
 Concurrent Refinement Workers: 13
 Periodic GC: Disabled

Heap:
 garbage-first heap   total reserved 2013184K, committed 129024K, used 4208K [0x0000000085200000, 0x0000000100000000)
  region size 1024K, 4 young (4096K), 0 survivors (0K)
 Metaspace       used 818K, committed 960K, reserved 1114112K
  class space    used 46K, committed 128K, reserved 1048576K

Heap Regions: E=young(eden), S=young(survivor), O=old, HS=humongous(starts), HC=humongous(continues), CS=collection set, F=free, TAMS=top-at-mark-start, PB=parsable bottom
|   0|0x0000000085200000, 0x0000000085200000, 0x0000000085300000|  0%| F|  |TAMS 0x0000000085200000| PB 0x0000000085200000| Untracked |  0
|   1|0x0000000085300000, 0x0000000085300000, 0x0000000085400000|  0%| F|  |TAMS 0x0000000085300000| PB 0x0000000085300000| Untracked |  0
|   2|0x0000000085400000, 0x0000000085400000, 0x0000000085500000|  0%| F|  |TAMS 0x0000000085400000| PB 0x0000000085400000| Untracked |  0
|   3|0x0000000085500000, 0x0000000085500000, 0x0000000085600000|  0%| F|  |TAMS 0x0000000085500000| PB 0x0000000085500000| Untracked |  0
|   4|0x0000000085600000, 0x0000000085600000, 0x0000000085700000|  0%| F|  |TAMS 0x0000000085600000| PB 0x0000000085600000| Untracked |  0
|   5|0x0000000085700000, 0x0000000085700000, 0x0000000085800000|  0%| F|  |TAMS 0x0000000085700000| PB 0x0000000085700000| Untracked |  0
|   6|0x0000000085800000, 0x0000000085800000, 0x0000000085900000|  0%| F|  |TAMS 0x0000000085800000| PB 0x0000000085800000| Untracked |  0
|   7|0x0000000085900000, 0x0000000085900000, 0x0000000085a00000|  0%| F|  |TAMS 0x0000000085900000| PB 0x0000000085900000| Untracked |  0
|   8|0x0000000085a00000, 0x0000000085a00000, 0x0000000085b00000|  0%| F|  |TAMS 0x0000000085a00000| PB 0x0000000085a00000| Untracked |  0
|   9|0x0000000085b00000, 0x0000000085b00000, 0x0000000085c00000|  0%| F|  |TAMS 0x0000000085b00000| PB 0x0000000085b00000| Untracked |  0
|  10|0x0000000085c00000, 0x0000000085c00000, 0x0000000085d00000|  0%| F|  |TAMS 0x0000000085c00000| PB 0x0000000085c00000| Untracked |  0
|  11|0x0000000085d00000, 0x0000000085d00000, 0x0000000085e00000|  0%| F|  |TAMS 0x0000000085d00000| PB 0x0000000085d00000| Untracked |  0
|  12|0x0000000085e00000, 0x0000000085e00000, 0x0000000085f00000|  0%| F|  |TAMS 0x0000000085e00000| PB 0x0000000085e00000| Untracked |  0
|  13|0x0000000085f00000, 0x0000000085f00000, 0x0000000086000000|  0%| F|  |TAMS 0x0000000085f00000| PB 0x0000000085f00000| Untracked |  0
|  14|0x0000000086000000, 0x0000000086000000, 0x0000000086100000|  0%| F|  |TAMS 0x0000000086000000| PB 0x0000000086000000| Untracked |  0
|  15|0x0000000086100000, 0x0000000086100000, 0x0000000086200000|  0%| F|  |TAMS 0x0000000086100000| PB 0x0000000086100000| Untracked |  0
|  16|0x0000000086200000, 0x0000000086200000, 0x0000000086300000|  0%| F|  |TAMS 0x0000000086200000| PB 0x0000000086200000| Untracked |  0
|  17|0x0000000086300000, 0x0000000086300000, 0x0000000086400000|  0%| F|  |TAMS 0x0000000086300000| PB 0x0000000086300000| Untracked |  0
|  18|0x0000000086400000, 0x0000000086400000, 0x0000000086500000|  0%| F|  |TAMS 0x0000000086400000| PB 0x0000000086400000| Untracked |  0
|  19|0x0000000086500000, 0x0000000086500000, 0x0000000086600000|  0%| F|  |TAMS 0x0000000086500000| PB 0x0000000086500000| Untracked |  0
|  20|0x0000000086600000, 0x0000000086600000, 0x0000000086700000|  0%| F|  |TAMS 0x0000000086600000| PB 0x0000000086600000| Untracked |  0
|  21|0x0000000086700000, 0x0000000086700000, 0x0000000086800000|  0%| F|  |TAMS 0x0000000086700000| PB 0x0000000086700000| Untracked |  0
|  22|0x0000000086800000, 0x0000000086800000, 0x0000000086900000|  0%| F|  |TAMS 0x0000000086800000| PB 0x0000000086800000| Untracked |  0
|  23|0x0000000086900000, 0x0000000086900000, 0x0000000086a00000|  0%| F|  |TAMS 0x0000000086900000| PB 0x0000000086900000| Untracked |  0
|  24|0x0000000086a00000, 0x0000000086a00000, 0x0000000086b00000|  0%| F|  |TAMS 0x0000000086a00000| PB 0x0000000086a00000| Untracked |  0
|  25|0x0000000086b00000, 0x0000000086b00000, 0x0000000086c00000|  0%| F|  |TAMS 0x0000000086b00000| PB 0x0000000086b00000| Untracked |  0
|  26|0x0000000086c00000, 0x0000000086c00000, 0x0000000086d00000|  0%| F|  |TAMS 0x0000000086c00000| PB 0x0000000086c00000| Untracked |  0
|  27|0x0000000086d00000, 0x0000000086d00000, 0x0000000086e00000|  0%| F|  |TAMS 0x0000000086d00000| PB 0x0000000086d00000| Untracked |  0
|  28|0x0000000086e00000, 0x0000000086e00000, 0x0000000086f00000|  0%| F|  |TAMS 0x0000000086e00000| PB 0x0000000086e00000| Untracked |  0
|  29|0x0000000086f00000, 0x0000000086f00000, 0x0000000087000000|  0%| F|  |TAMS 0x0000000086f00000| PB 0x0000000086f00000| Untracked |  0
|  30|0x0000000087000000, 0x0000000087000000, 0x0000000087100000|  0%| F|  |TAMS 0x0000000087000000| PB 0x0000000087000000| Untracked |  0
|  31|0x0000000087100000, 0x0000000087100000, 0x0000000087200000|  0%| F|  |TAMS 0x0000000087100000| PB 0x0000000087100000| Untracked |  0
|  32|0x0000000087200000, 0x0000000087200000, 0x0000000087300000|  0%| F|  |TAMS 0x0000000087200000| PB 0x0000000087200000| Untracked |  0
|  33|0x0000000087300000, 0x0000000087300000, 0x0000000087400000|  0%| F|  |TAMS 0x0000000087300000| PB 0x0000000087300000| Untracked |  0
|  34|0x0000000087400000, 0x0000000087400000, 0x0000000087500000|  0%| F|  |TAMS 0x0000000087400000| PB 0x0000000087400000| Untracked |  0
|  35|0x0000000087500000, 0x0000000087500000, 0x0000000087600000|  0%| F|  |TAMS 0x0000000087500000| PB 0x0000000087500000| Untracked |  0
|  36|0x0000000087600000, 0x0000000087600000, 0x0000000087700000|  0%| F|  |TAMS 0x0000000087600000| PB 0x0000000087600000| Untracked |  0
|  37|0x0000000087700000, 0x0000000087700000, 0x0000000087800000|  0%| F|  |TAMS 0x0000000087700000| PB 0x0000000087700000| Untracked |  0
|  38|0x0000000087800000, 0x0000000087800000, 0x0000000087900000|  0%| F|  |TAMS 0x0000000087800000| PB 0x0000000087800000| Untracked |  0
|  39|0x0000000087900000, 0x0000000087900000, 0x0000000087a00000|  0%| F|  |TAMS 0x0000000087900000| PB 0x0000000087900000| Untracked |  0
|  40|0x0000000087a00000, 0x0000000087a00000, 0x0000000087b00000|  0%| F|  |TAMS 0x0000000087a00000| PB 0x0000000087a00000| Untracked |  0
|  41|0x0000000087b00000, 0x0000000087b00000, 0x0000000087c00000|  0%| F|  |TAMS 0x0000000087b00000| PB 0x0000000087b00000| Untracked |  0
|  42|0x0000000087c00000, 0x0000000087c00000, 0x0000000087d00000|  0%| F|  |TAMS 0x0000000087c00000| PB 0x0000000087c00000| Untracked |  0
|  43|0x0000000087d00000, 0x0000000087d00000, 0x0000000087e00000|  0%| F|  |TAMS 0x0000000087d00000| PB 0x0000000087d00000| Untracked |  0
|  44|0x0000000087e00000, 0x0000000087e00000, 0x0000000087f00000|  0%| F|  |TAMS 0x0000000087e00000| PB 0x0000000087e00000| Untracked |  0
|  45|0x0000000087f00000, 0x0000000087f00000, 0x0000000088000000|  0%| F|  |TAMS 0x0000000087f00000| PB 0x0000000087f00000| Untracked |  0
|  46|0x0000000088000000, 0x0000000088000000, 0x0000000088100000|  0%| F|  |TAMS 0x0000000088000000| PB 0x0000000088000000| Untracked |  0
|  47|0x0000000088100000, 0x0000000088100000, 0x0000000088200000|  0%| F|  |TAMS 0x0000000088100000| PB 0x0000000088100000| Untracked |  0
|  48|0x0000000088200000, 0x0000000088200000, 0x0000000088300000|  0%| F|  |TAMS 0x0000000088200000| PB 0x0000000088200000| Untracked |  0
|  49|0x0000000088300000, 0x0000000088300000, 0x0000000088400000|  0%| F|  |TAMS 0x0000000088300000| PB 0x0000000088300000| Untracked |  0
|  50|0x0000000088400000, 0x0000000088400000, 0x0000000088500000|  0%| F|  |TAMS 0x0000000088400000| PB 0x0000000088400000| Untracked |  0
|  51|0x0000000088500000, 0x0000000088500000, 0x0000000088600000|  0%| F|  |TAMS 0x0000000088500000| PB 0x0000000088500000| Untracked |  0
|  52|0x0000000088600000, 0x0000000088600000, 0x0000000088700000|  0%| F|  |TAMS 0x0000000088600000| PB 0x0000000088600000| Untracked |  0
|  53|0x0000000088700000, 0x0000000088700000, 0x0000000088800000|  0%| F|  |TAMS 0x0000000088700000| PB 0x0000000088700000| Untracked |  0
|  54|0x0000000088800000, 0x0000000088800000, 0x0000000088900000|  0%| F|  |TAMS 0x0000000088800000| PB 0x0000000088800000| Untracked |  0
|  55|0x0000000088900000, 0x0000000088900000, 0x0000000088a00000|  0%| F|  |TAMS 0x0000000088900000| PB 0x0000000088900000| Untracked |  0
|  56|0x0000000088a00000, 0x0000000088a00000, 0x0000000088b00000|  0%| F|  |TAMS 0x0000000088a00000| PB 0x0000000088a00000| Untracked |  0
|  57|0x0000000088b00000, 0x0000000088b00000, 0x0000000088c00000|  0%| F|  |TAMS 0x0000000088b00000| PB 0x0000000088b00000| Untracked |  0
|  58|0x0000000088c00000, 0x0000000088c00000, 0x0000000088d00000|  0%| F|  |TAMS 0x0000000088c00000| PB 0x0000000088c00000| Untracked |  0
|  59|0x0000000088d00000, 0x0000000088d00000, 0x0000000088e00000|  0%| F|  |TAMS 0x0000000088d00000| PB 0x0000000088d00000| Untracked |  0
|  60|0x0000000088e00000, 0x0000000088e00000, 0x0000000088f00000|  0%| F|  |TAMS 0x0000000088e00000| PB 0x0000000088e00000| Untracked |  0
|  61|0x0000000088f00000, 0x0000000088f00000, 0x0000000089000000|  0%| F|  |TAMS 0x0000000088f00000| PB 0x0000000088f00000| Untracked |  0
|  62|0x0000000089000000, 0x0000000089000000, 0x0000000089100000|  0%| F|  |TAMS 0x0000000089000000| PB 0x0000000089000000| Untracked |  0
|  63|0x0000000089100000, 0x0000000089100000, 0x0000000089200000|  0%| F|  |TAMS 0x0000000089100000| PB 0x0000000089100000| Untracked |  0
|  64|0x0000000089200000, 0x0000000089200000, 0x0000000089300000|  0%| F|  |TAMS 0x0000000089200000| PB 0x0000000089200000| Untracked |  0
|  65|0x0000000089300000, 0x0000000089300000, 0x0000000089400000|  0%| F|  |TAMS 0x0000000089300000| PB 0x0000000089300000| Untracked |  0
|  66|0x0000000089400000, 0x0000000089400000, 0x0000000089500000|  0%| F|  |TAMS 0x0000000089400000| PB 0x0000000089400000| Untracked |  0
|  67|0x0000000089500000, 0x0000000089500000, 0x0000000089600000|  0%| F|  |TAMS 0x0000000089500000| PB 0x0000000089500000| Untracked |  0
|  68|0x0000000089600000, 0x0000000089600000, 0x0000000089700000|  0%| F|  |TAMS 0x0000000089600000| PB 0x0000000089600000| Untracked |  0
|  69|0x0000000089700000, 0x0000000089700000, 0x0000000089800000|  0%| F|  |TAMS 0x0000000089700000| PB 0x0000000089700000| Untracked |  0
|  70|0x0000000089800000, 0x0000000089800000, 0x0000000089900000|  0%| F|  |TAMS 0x0000000089800000| PB 0x0000000089800000| Untracked |  0
|  71|0x0000000089900000, 0x0000000089900000, 0x0000000089a00000|  0%| F|  |TAMS 0x0000000089900000| PB 0x0000000089900000| Untracked |  0
|  72|0x0000000089a00000, 0x0000000089a00000, 0x0000000089b00000|  0%| F|  |TAMS 0x0000000089a00000| PB 0x0000000089a00000| Untracked |  0
|  73|0x0000000089b00000, 0x0000000089b00000, 0x0000000089c00000|  0%| F|  |TAMS 0x0000000089b00000| PB 0x0000000089b00000| Untracked |  0
|  74|0x0000000089c00000, 0x0000000089c00000, 0x0000000089d00000|  0%| F|  |TAMS 0x0000000089c00000| PB 0x0000000089c00000| Untracked |  0
|  75|0x0000000089d00000, 0x0000000089d00000, 0x0000000089e00000|  0%| F|  |TAMS 0x0000000089d00000| PB 0x0000000089d00000| Untracked |  0
|  76|0x0000000089e00000, 0x0000000089e00000, 0x0000000089f00000|  0%| F|  |TAMS 0x0000000089e00000| PB 0x0000000089e00000| Untracked |  0
|  77|0x0000000089f00000, 0x0000000089f00000, 0x000000008a000000|  0%| F|  |TAMS 0x0000000089f00000| PB 0x0000000089f00000| Untracked |  0
|  78|0x000000008a000000, 0x000000008a000000, 0x000000008a100000|  0%| F|  |TAMS 0x000000008a000000| PB 0x000000008a000000| Untracked |  0
|  79|0x000000008a100000, 0x000000008a100000, 0x000000008a200000|  0%| F|  |TAMS 0x000000008a100000| PB 0x000000008a100000| Untracked |  0
|  80|0x000000008a200000, 0x000000008a200000, 0x000000008a300000|  0%| F|  |TAMS 0x000000008a200000| PB 0x000000008a200000| Untracked |  0
|  81|0x000000008a300000, 0x000000008a300000, 0x000000008a400000|  0%| F|  |TAMS 0x000000008a300000| PB 0x000000008a300000| Untracked |  0
|  82|0x000000008a400000, 0x000000008a400000, 0x000000008a500000|  0%| F|  |TAMS 0x000000008a400000| PB 0x000000008a400000| Untracked |  0
|  83|0x000000008a500000, 0x000000008a500000, 0x000000008a600000|  0%| F|  |TAMS 0x000000008a500000| PB 0x000000008a500000| Untracked |  0
|  84|0x000000008a600000, 0x000000008a600000, 0x000000008a700000|  0%| F|  |TAMS 0x000000008a600000| PB 0x000000008a600000| Untracked |  0
|  85|0x000000008a700000, 0x000000008a700000, 0x000000008a800000|  0%| F|  |TAMS 0x000000008a700000| PB 0x000000008a700000| Untracked |  0
|  86|0x000000008a800000, 0x000000008a800000, 0x000000008a900000|  0%| F|  |TAMS 0x000000008a800000| PB 0x000000008a800000| Untracked |  0
|  87|0x000000008a900000, 0x000000008a900000, 0x000000008aa00000|  0%| F|  |TAMS 0x000000008a900000| PB 0x000000008a900000| Untracked |  0
|  88|0x000000008aa00000, 0x000000008aa00000, 0x000000008ab00000|  0%| F|  |TAMS 0x000000008aa00000| PB 0x000000008aa00000| Untracked |  0
|  89|0x000000008ab00000, 0x000000008ab00000, 0x000000008ac00000|  0%| F|  |TAMS 0x000000008ab00000| PB 0x000000008ab00000| Untracked |  0
|  90|0x000000008ac00000, 0x000000008ac00000, 0x000000008ad00000|  0%| F|  |TAMS 0x000000008ac00000| PB 0x000000008ac00000| Untracked |  0
|  91|0x000000008ad00000, 0x000000008ad00000, 0x000000008ae00000|  0%| F|  |TAMS 0x000000008ad00000| PB 0x000000008ad00000| Untracked |  0
|  92|0x000000008ae00000, 0x000000008ae00000, 0x000000008af00000|  0%| F|  |TAMS 0x000000008ae00000| PB 0x000000008ae00000| Untracked |  0
|  93|0x000000008af00000, 0x000000008af00000, 0x000000008b000000|  0%| F|  |TAMS 0x000000008af00000| PB 0x000000008af00000| Untracked |  0
|  94|0x000000008b000000, 0x000000008b000000, 0x000000008b100000|  0%| F|  |TAMS 0x000000008b000000| PB 0x000000008b000000| Untracked |  0
|  95|0x000000008b100000, 0x000000008b100000, 0x000000008b200000|  0%| F|  |TAMS 0x000000008b100000| PB 0x000000008b100000| Untracked |  0
|  96|0x000000008b200000, 0x000000008b200000, 0x000000008b300000|  0%| F|  |TAMS 0x000000008b200000| PB 0x000000008b200000| Untracked |  0
|  97|0x000000008b300000, 0x000000008b300000, 0x000000008b400000|  0%| F|  |TAMS 0x000000008b300000| PB 0x000000008b300000| Untracked |  0
|  98|0x000000008b400000, 0x000000008b400000, 0x000000008b500000|  0%| F|  |TAMS 0x000000008b400000| PB 0x000000008b400000| Untracked |  0
|  99|0x000000008b500000, 0x000000008b500000, 0x000000008b600000|  0%| F|  |TAMS 0x000000008b500000| PB 0x000000008b500000| Untracked |  0
| 100|0x000000008b600000, 0x000000008b600000, 0x000000008b700000|  0%| F|  |TAMS 0x000000008b600000| PB 0x000000008b600000| Untracked |  0
| 101|0x000000008b700000, 0x000000008b700000, 0x000000008b800000|  0%| F|  |TAMS 0x000000008b700000| PB 0x000000008b700000| Untracked |  0
| 102|0x000000008b800000, 0x000000008b800000, 0x000000008b900000|  0%| F|  |TAMS 0x000000008b800000| PB 0x000000008b800000| Untracked |  0
| 103|0x000000008b900000, 0x000000008b900000, 0x000000008ba00000|  0%| F|  |TAMS 0x000000008b900000| PB 0x000000008b900000| Untracked |  0
| 104|0x000000008ba00000, 0x000000008ba00000, 0x000000008bb00000|  0%| F|  |TAMS 0x000000008ba00000| PB 0x000000008ba00000| Untracked |  0
| 105|0x000000008bb00000, 0x000000008bb00000, 0x000000008bc00000|  0%| F|  |TAMS 0x000000008bb00000| PB 0x000000008bb00000| Untracked |  0
| 106|0x000000008bc00000, 0x000000008bc00000, 0x000000008bd00000|  0%| F|  |TAMS 0x000000008bc00000| PB 0x000000008bc00000| Untracked |  0
| 107|0x000000008bd00000, 0x000000008bd00000, 0x000000008be00000|  0%| F|  |TAMS 0x000000008bd00000| PB 0x000000008bd00000| Untracked |  0
| 108|0x000000008be00000, 0x000000008be00000, 0x000000008bf00000|  0%| F|  |TAMS 0x000000008be00000| PB 0x000000008be00000| Untracked |  0
| 109|0x000000008bf00000, 0x000000008bf00000, 0x000000008c000000|  0%| F|  |TAMS 0x000000008bf00000| PB 0x000000008bf00000| Untracked |  0
| 110|0x000000008c000000, 0x000000008c000000, 0x000000008c100000|  0%| F|  |TAMS 0x000000008c000000| PB 0x000000008c000000| Untracked |  0
| 111|0x000000008c100000, 0x000000008c100000, 0x000000008c200000|  0%| F|  |TAMS 0x000000008c100000| PB 0x000000008c100000| Untracked |  0
| 112|0x000000008c200000, 0x000000008c200000, 0x000000008c300000|  0%| F|  |TAMS 0x000000008c200000| PB 0x000000008c200000| Untracked |  0
| 113|0x000000008c300000, 0x000000008c300000, 0x000000008c400000|  0%| F|  |TAMS 0x000000008c300000| PB 0x000000008c300000| Untracked |  0
| 114|0x000000008c400000, 0x000000008c400000, 0x000000008c500000|  0%| F|  |TAMS 0x000000008c400000| PB 0x000000008c400000| Untracked |  0
| 115|0x000000008c500000, 0x000000008c500000, 0x000000008c600000|  0%| F|  |TAMS 0x000000008c500000| PB 0x000000008c500000| Untracked |  0
| 116|0x000000008c600000, 0x000000008c600000, 0x000000008c700000|  0%| F|  |TAMS 0x000000008c600000| PB 0x000000008c600000| Untracked |  0
| 117|0x000000008c700000, 0x000000008c700000, 0x000000008c800000|  0%| F|  |TAMS 0x000000008c700000| PB 0x000000008c700000| Untracked |  0
| 118|0x000000008c800000, 0x000000008c800000, 0x000000008c900000|  0%| F|  |TAMS 0x000000008c800000| PB 0x000000008c800000| Untracked |  0
| 119|0x000000008c900000, 0x000000008c900000, 0x000000008ca00000|  0%| F|  |TAMS 0x000000008c900000| PB 0x000000008c900000| Untracked |  0
| 120|0x000000008ca00000, 0x000000008ca19588, 0x000000008cb00000|  9%| E|  |TAMS 0x000000008ca00000| PB 0x000000008ca00000| Complete |  0
| 121|0x000000008cb00000, 0x000000008cc00000, 0x000000008cc00000|100%| E|CS|TAMS 0x000000008cb00000| PB 0x000000008cb00000| Complete |  0
| 122|0x000000008cc00000, 0x000000008cd00000, 0x000000008cd00000|100%| E|CS|TAMS 0x000000008cc00000| PB 0x000000008cc00000| Complete |  0
| 123|0x000000008cd00000, 0x000000008ce00000, 0x000000008ce00000|100%| E|CS|TAMS 0x000000008cd00000| PB 0x000000008cd00000| Complete |  0
|1964|0x00000000ffe00000, 0x00000000fff00000, 0x00000000fff00000|100%| O|  |TAMS 0x00000000ffe00000| PB 0x00000000ffe00000| Untracked |  0
|1965|0x00000000fff00000, 0x00000000fff1c318, 0x0000000100000000| 11%| O|  |TAMS 0x00000000fff00000| PB 0x00000000fff00000| Untracked |  0

Card table byte_map: [0x0000029b75e60000,0x0000029b76240000] _byte_map_base: 0x0000029b75a37000

Marking Bits: (CMBitMap*) 0x0000029b6c740330
 Bits: [0x0000029b76240000, 0x0000029b780f8000)

Polling page: 0x0000029b6a530000

Metaspace:

Usage:
  Non-class:    771.91 KB used.
      Class:     46.27 KB used.
       Both:    818.17 KB used.

Virtual space:
  Non-class space:       64.00 MB reserved,     832.00 KB (  1%) committed,  1 nodes.
      Class space:        1.00 GB reserved,     128.00 KB ( <1%) committed,  1 nodes.
             Both:        1.06 GB reserved,     960.00 KB ( <1%) committed. 

Chunk freelists:
   Non-Class:  11.99 MB
       Class:  15.74 MB
        Both:  27.73 MB

MaxMetaspaceSize: unlimited
CompressedClassSpaceSize: 1.00 GB
Initial GC threshold: 21.00 MB
Current GC threshold: 21.00 MB
CDS: on
 - commit_granule_bytes: 65536.
 - commit_granule_words: 8192.
 - virtual_space_node_default_size: 8388608.
 - enlarge_chunks_in_place: 1.
UseCompressedClassPointers 1, UseCompactObjectHeaders 0
Narrow klass pointer bits 32, Max shift 3
Narrow klass base: 0x0000029b0f000000, Narrow klass shift: 0
Encoding Range: [0x0000029b0f000000 - 0x0000029c0f000000), (4294967296 bytes)
Klass Range:    [0x0000029b0f000000 - 0x0000029b50000000), (1090519040 bytes)
Klass ID Range:  [8 - 1090519033) (1090519025)


Internal statistics:

num_allocs_failed_limit: 0.
num_arena_births: 8.
num_arena_deaths: 0.
num_vsnodes_births: 2.
num_vsnodes_deaths: 0.
num_space_committed: 15.
num_space_uncommitted: 0.
num_chunks_returned_to_freelist: 0.
num_chunks_taken_from_freelist: 9.
num_chunk_merges: 0.
num_chunk_splits: 5.
num_chunks_enlarged: 2.
num_inconsistent_stats: 0.

CodeHeap 'non-profiled nmethods': size=119232Kb used=75Kb max_used=75Kb free=119156Kb
 bounds [0x0000029b07b90000, 0x0000029b07e00000, 0x0000029b0f000000]
CodeHeap 'profiled nmethods': size=119104Kb used=216Kb max_used=216Kb free=118887Kb
 bounds [0x0000029b00000000, 0x0000029b00270000, 0x0000029b07450000]
CodeHeap 'non-nmethods': size=7424Kb used=2918Kb max_used=2921Kb free=4505Kb
 bounds [0x0000029b07450000, 0x0000029b07730000, 0x0000029b07b90000]
CodeCache: size=245760Kb, used=3209Kb, max_used=3212Kb, free=242548Kb
 total_blobs=657, nmethods=266, adapters=293, full_count=0
Compilation: enabled, stopped_count=0, restarted_count=0

Compilation events (20 events):
Event: 2.151 Thread 0x0000029b5410b790 nmethod 242 0x0000029b07ba1908 code [0x0000029b07ba1a00, 0x0000029b07ba1ab0]
Event: 2.151 Thread 0x0000029b5410b790  248       4       jdk.internal.misc.Unsafe::getShortUnaligned (12 bytes)
Event: 2.151 Thread 0x0000029b542143d0 nmethod 247 0x0000029b07ba1c08 code [0x0000029b07ba1d00, 0x0000029b07ba1dd0]
Event: 2.151 Thread 0x0000029b542143d0  230       4       jdk.internal.misc.Unsafe::toUnsignedInt (6 bytes)
Event: 2.151 Thread 0x0000029b5410b790 nmethod 248 0x0000029b07ba1f08 code [0x0000029b07ba2000, 0x0000029b07ba20b8]
Event: 2.152 Thread 0x0000029b542143d0 nmethod 230 0x0000029b07ba2208 code [0x0000029b07ba2300, 0x0000029b07ba2368]
Event: 2.153 Thread 0x0000029b54064ff0  250       3       java.lang.StringBuilder::append (8 bytes)
Event: 2.153 Thread 0x0000029b7b0d92f0  251       3       java.lang.AbstractStringBuilder::append (77 bytes)
Event: 2.153 Thread 0x0000029b54064ff0 nmethod 250 0x0000029b00030c08 code [0x0000029b00030d20, 0x0000029b00030e70]
Event: 2.153 Thread 0x0000029b541a03c0  252       3       sun.nio.fs.WindowsPathParser::isSlash (18 bytes)
Event: 3.153 Thread 0x0000029b7b0d92f0 nmethod 251 0x0000029b00030f08 code [0x0000029b000310a0, 0x0000029b00031828]
Event: 3.153 Thread 0x0000029b541a03c0 nmethod 252 0x0000029b00031888 code [0x0000029b000319a0, 0x0000029b00031b00]
Event: 3.155 Thread 0x0000029b541b7a60  253       3       java.io.WinNTFileSystem::isSlash (18 bytes)
Event: 3.155 Thread 0x0000029b541b7a60 nmethod 253 0x0000029b00031b88 code [0x0000029b00031ca0, 0x0000029b00031e28]
Event: 3.157 Thread 0x0000029b54064ff0  254       3       java.lang.StringConcatHelper::newArray (28 bytes)
Event: 3.157 Thread 0x0000029b541a03c0  255       3       jdk.internal.misc.Unsafe::allocateUninitializedArray (55 bytes)
Event: 3.157 Thread 0x0000029b54064ff0 nmethod 254 0x0000029b00031e88 code [0x0000029b00031fc0, 0x0000029b00032348]
Event: 3.157 Thread 0x0000029b54064ff0  256       3       jdk.internal.misc.Unsafe::allocateUninitializedArray0 (90 bytes)
Event: 3.158 Thread 0x0000029b541a03c0 nmethod 255 0x0000029b00032388 code [0x0000029b00032500, 0x0000029b000329b8]
Event: 3.158 Thread 0x0000029b54064ff0 nmethod 256 0x0000029b00032a08 code [0x0000029b00032ba0, 0x0000029b00033430]

GC Heap History (0 events):
No events

Dll operation events (5 events):
Event: 0.009 Loaded shared library C:\Program Files\Apache NetBeans\jdk\bin\java.dll
Event: 2.084 Loaded shared library C:\Program Files\Apache NetBeans\jdk\bin\jsvml.dll
Event: 2.124 Loaded shared library C:\Program Files\Apache NetBeans\jdk\bin\net.dll
Event: 2.126 Loaded shared library C:\Program Files\Apache NetBeans\jdk\bin\nio.dll
Event: 2.152 Loaded shared library C:\Program Files\Apache NetBeans\jdk\bin\zip.dll

Deoptimization events (0 events):
No events

Classes loaded (20 events):
Event: 2.129 Loading class java/nio/file/attribute/FileAttribute
Event: 2.129 Loading class java/nio/file/attribute/FileAttribute done
Event: 2.129 Loading class sun/nio/fs/WindowsSecurityDescriptor
Event: 2.129 Loading class sun/nio/fs/WindowsSecurityDescriptor done
Event: 2.130 Loading class sun/nio/fs/WindowsChannelFactory
Event: 2.130 Loading class sun/nio/fs/WindowsChannelFactory done
Event: 2.130 Loading class sun/nio/fs/WindowsChannelFactory$1
Event: 2.130 Loading class sun/nio/fs/WindowsChannelFactory$1 done
Event: 2.130 Loading class sun/nio/fs/WindowsChannelFactory$Flags
Event: 2.130 Loading class sun/nio/fs/WindowsChannelFactory$Flags done
Event: 2.133 Loading class jdk/internal/module/ModuleReferenceImpl$CachedHash
Event: 2.133 Loading class jdk/internal/module/ModuleReferenceImpl$CachedHash done
Event: 2.142 Loading class jdk/internal/vm/PostVMInitHook
Event: 2.142 Loading class jdk/internal/vm/PostVMInitHook done
Event: 3.154 Loading class jdk/internal/loader/URLClassPath$FileLoader
Event: 3.154 Loading class jdk/internal/loader/URLClassPath$FileLoader done
Event: 3.154 Loading class sun/nio/cs/UTF_8$Decoder
Event: 3.154 Loading class sun/nio/cs/UTF_8$Decoder done
Event: 3.158 Loading class jdk/internal/loader/URLClassPath$FileLoader$1
Event: 3.158 Loading class jdk/internal/loader/URLClassPath$FileLoader$1 done

Classes unloaded (0 events):
No events

Classes redefined (0 events):
No events

Internal exceptions (3 events):
Event: 2.127 Thread 0x0000029b6a29f680 Exception <a 'sun/nio/fs/WindowsException'{0x000000008ccd9918}> (0x000000008ccd9918) 
thrown [s\src\hotspot\share\prims\jni.cpp, line 518]
Event: 2.130 Thread 0x0000029b6a29f680 Exception <a 'sun/nio/fs/WindowsException'{0x000000008ccdbb90}> (0x000000008ccdbb90) 
thrown [s\src\hotspot\share\prims\jni.cpp, line 518]
Event: 2.131 Thread 0x0000029b6a29f680 Exception <a 'sun/nio/fs/WindowsException'{0x000000008ccdc5c8}> (0x000000008ccdc5c8) 
thrown [s\src\hotspot\share\prims\jni.cpp, line 518]

VM Operations (2 events):
Event: 2.133 Executing VM operation: HandshakeAllThreads (Deoptimize)
Event: 2.133 Executing VM operation: HandshakeAllThreads (Deoptimize) done

Memory protections (0 events):
No events

Nmethod flushes (0 events):
No events

Events (18 events):
Event: 2.062 Thread 0x0000029b6a29f680 Thread added: 0x0000029b6a29f680
Event: 2.079 Thread 0x0000029b6a29f680 Thread added: 0x0000029b7b0b3a40
Event: 2.079 Thread 0x0000029b6a29f680 Thread added: 0x0000029b7b0b4180
Event: 2.080 Thread 0x0000029b6a29f680 Thread added: 0x0000029b7b0b8210
Event: 2.080 Thread 0x0000029b6a29f680 Thread added: 0x0000029b7b0b90d0
Event: 2.080 Thread 0x0000029b6a29f680 Thread added: 0x0000029b7b0ba9f0
Event: 2.080 Thread 0x0000029b6a29f680 Thread added: 0x0000029b7b0bd1d0
Event: 2.080 Thread 0x0000029b6a29f680 Thread added: 0x0000029b7b0ce710
Event: 2.080 Thread 0x0000029b6a29f680 Thread added: 0x0000029b7b0d92f0
Event: 2.091 Thread 0x0000029b7b0d92f0 Thread added: 0x0000029b54064ff0
Event: 2.122 Thread 0x0000029b6a29f680 Thread added: 0x0000029b54102610
Event: 2.139 Thread 0x0000029b54064ff0 Thread added: 0x0000029b5410b790
Event: 2.142 Thread 0x0000029b6a29f680 Thread added: 0x0000029b5417b490
Event: 2.144 Thread 0x0000029b7b0d92f0 Thread added: 0x0000029b541a03c0
Event: 2.145 Thread 0x0000029b7b0d92f0 Thread added: 0x0000029b541b7a60
Event: 2.146 Thread 0x0000029b7b0d92f0 Thread added: 0x0000029b542143d0
Event: 3.155 Thread 0x0000029b542143d0 Thread exited: 0x0000029b542143d0
Event: 3.155 Thread 0x0000029b5410b790 Thread exited: 0x0000029b5410b790


Dynamic libraries:
0x00007ff771d00000 - 0x00007ff771d0e000 	C:\Program Files\Apache NetBeans\jdk\bin\java.exe
0x00007ffc98b00000 - 0x00007ffc98d65000 	C:\WINDOWS\SYSTEM32\ntdll.dll
0x00007ffc970b0000 - 0x00007ffc97179000 	C:\WINDOWS\System32\KERNEL32.DLL
0x00007ffc95e00000 - 0x00007ffc961e8000 	C:\WINDOWS\System32\KERNELBASE.dll
0x00007ffc965e0000 - 0x00007ffc9672b000 	C:\WINDOWS\System32\ucrtbase.dll
0x00007ffc28c70000 - 0x00007ffc28c86000 	C:\Program Files\Apache NetBeans\jdk\bin\jli.dll
0x00007ffc5c960000 - 0x00007ffc5c97e000 	C:\Program Files\Apache NetBeans\jdk\bin\VCRUNTIME140.dll
0x00007ffc96a80000 - 0x00007ffc96c4a000 	C:\WINDOWS\System32\USER32.dll
0x00007ffc711f0000 - 0x00007ffc7148a000 	C:\WINDOWS\WinSxS\amd64_microsoft.windows.common-controls_6595b64144ccf1df_6.0.26100.4202_none_3e0698d4e335f517\COMCTL32.dll
0x00007ffc95dd0000 - 0x00007ffc95df7000 	C:\WINDOWS\System32\win32u.dll
0x00007ffc97000000 - 0x00007ffc970a9000 	C:\WINDOWS\System32\msvcrt.dll
0x00007ffc96a50000 - 0x00007ffc96a7b000 	C:\WINDOWS\System32\GDI32.dll
0x00007ffc96400000 - 0x00007ffc96537000 	C:\WINDOWS\System32\gdi32full.dll
0x00007ffc967f0000 - 0x00007ffc96893000 	C:\WINDOWS\System32\msvcp_win.dll
0x00007ffc972f0000 - 0x00007ffc97320000 	C:\WINDOWS\System32\IMM32.DLL
0x00007ffc84f60000 - 0x00007ffc84f6c000 	C:\Program Files\Apache NetBeans\jdk\bin\vcruntime140_1.dll
0x00007ffc28510000 - 0x00007ffc2859d000 	C:\Program Files\Apache NetBeans\jdk\bin\msvcp140.dll
0x00007ffc28cd0000 - 0x00007ffc29b4c000 	C:\Program Files\Apache NetBeans\jdk\bin\server\jvm.dll
0x00007ffc96f40000 - 0x00007ffc96ff3000 	C:\WINDOWS\System32\ADVAPI32.dll
0x00007ffc97460000 - 0x00007ffc97506000 	C:\WINDOWS\System32\sechost.dll
0x00007ffc97510000 - 0x00007ffc97625000 	C:\WINDOWS\System32\RPCRT4.dll
0x00007ffc97b30000 - 0x00007ffc97ba4000 	C:\WINDOWS\System32\WS2_32.dll
0x00007ffc95aa0000 - 0x00007ffc95afe000 	C:\WINDOWS\SYSTEM32\POWRPROF.dll
0x00007ffc8b190000 - 0x00007ffc8b1c5000 	C:\WINDOWS\SYSTEM32\WINMM.dll
0x00007ffc83600000 - 0x00007ffc8360b000 	C:\WINDOWS\SYSTEM32\VERSION.dll
0x00007ffc95a80000 - 0x00007ffc95a94000 	C:\WINDOWS\SYSTEM32\UMPDC.dll
0x00007ffc94a10000 - 0x00007ffc94a2b000 	C:\WINDOWS\SYSTEM32\kernel.appcore.dll
0x00007ffc703b0000 - 0x00007ffc703ba000 	C:\Program Files\Apache NetBeans\jdk\bin\jimage.dll
0x00007ffc93380000 - 0x00007ffc935c1000 	C:\WINDOWS\SYSTEM32\DBGHELP.DLL
0x00007ffc97720000 - 0x00007ffc97aa5000 	C:\WINDOWS\System32\combase.dll
0x00007ffc988b0000 - 0x00007ffc98991000 	C:\WINDOWS\System32\OLEAUT32.dll
0x00007ffc6b240000 - 0x00007ffc6b279000 	C:\WINDOWS\SYSTEM32\dbgcore.DLL
0x00007ffc96540000 - 0x00007ffc965d9000 	C:\WINDOWS\System32\bcryptPrimitives.dll
0x00007ffc46f10000 - 0x00007ffc46f2e000 	C:\Program Files\Apache NetBeans\jdk\bin\java.dll
0x00007ffc968a0000 - 0x00007ffc96a3e000 	C:\WINDOWS\System32\ole32.dll
0x00007ffc97bb0000 - 0x00007ffc982f2000 	C:\WINDOWS\System32\SHELL32.dll
0x00007ffc961f0000 - 0x00007ffc96364000 	C:\WINDOWS\System32\wintypes.dll
0x00007ffc93880000 - 0x00007ffc940d8000 	C:\WINDOWS\SYSTEM32\windows.storage.dll
0x00007ffc96c50000 - 0x00007ffc96d41000 	C:\WINDOWS\System32\SHCORE.dll
0x00007ffc976b0000 - 0x00007ffc9771a000 	C:\WINDOWS\System32\shlwapi.dll
0x00007ffc95b60000 - 0x00007ffc95b8f000 	C:\WINDOWS\SYSTEM32\profapi.dll
0x00007ffc28b90000 - 0x00007ffc28c67000 	C:\Program Files\Apache NetBeans\jdk\bin\jsvml.dll
0x00007ffc2a1b0000 - 0x00007ffc2a1c0000 	C:\Program Files\Apache NetBeans\jdk\bin\net.dll
0x00007ffc94f80000 - 0x00007ffc94fea000 	C:\WINDOWS\system32\mswsock.dll
0x00007ffc28b50000 - 0x00007ffc28b66000 	C:\Program Files\Apache NetBeans\jdk\bin\nio.dll
0x00007ffc28b70000 - 0x00007ffc28b87000 	C:\Program Files\Apache NetBeans\jdk\bin\zip.dll

JVMTI agents: none

dbghelp: loaded successfully - version: 4.0.5 - missing functions: none
symbol engine: initialized successfully - sym options: 0x614 - pdb path: .;C:\Program Files\Apache NetBeans\jdk\bin;C:\WINDOWS\SYSTEM32;C:\WINDOWS\WinSxS\amd64_microsoft.windows.common-controls_6595b64144ccf1df_6.0.26100.4202_none_3e0698d4e335f517;C:\Program Files\Apache NetBeans\jdk\bin\server

VM Arguments:
jvm_args: -Dfile.encoding=UTF-8 --module-path=E:\OneDrive\Desktop\Electricity Billing System\build\classes 
java_command: electricity.billing.system.viewinformation
java_class_path (initial): E:\OneDrive\Desktop\mysql-connector-java-8.0.28.jar;C:\Users\HP\OneDrive\Documents\rs2xml.jar;E:\OneDrive\Desktop\Electricity Billing System\build\classes
Launcher Type: SUN_STANDARD

[Global flags]
     intx CICompilerCount                          = 12                                        {product} {ergonomic}
     uint ConcGCThreads                            = 3                                         {product} {ergonomic}
     uint G1ConcRefinementThreads                  = 13                                        {product} {ergonomic}
   size_t G1HeapRegionSize                         = 1048576                                   {product} {ergonomic}
   size_t InitialHeapSize                          = 130023424                                 {product} {ergonomic}
   size_t MarkStackSize                            = 4194304                                   {product} {ergonomic}
   size_t MarkStackSizeMax                         = 536870912                                 {product} {ergonomic}
   size_t MaxHeapSize                              = 2061500416                                {product} {ergonomic}
   size_t MaxNewSize                               = 1236271104                                {product} {ergonomic}
   size_t MinHeapDeltaBytes                        = 1048576                                   {product} {ergonomic}
   size_t MinHeapSize                              = 8388608                                   {product} {ergonomic}
    uintx NonNMethodCodeHeapSize                   = 7602176                                {pd product} {ergonomic}
    uintx NonProfiledCodeHeapSize                  = 122093568                              {pd product} {ergonomic}
    uintx ProfiledCodeHeapSize                     = 121962496                              {pd product} {ergonomic}
    uintx ReservedCodeCacheSize                    = 251658240                              {pd product} {ergonomic}
     bool SegmentedCodeCache                       = true                                      {product} {ergonomic}
   size_t SoftMaxHeapSize                          = 2061500416                             {manageable} {ergonomic}
     bool UseCompressedOops                        = true                           {product lp64_product} {ergonomic}
     bool UseG1GC                                  = true                                      {product} {ergonomic}
     bool UseLargePagesIndividualAllocation        = false                                  {pd product} {ergonomic}

Logging:
Log output configuration:
 #0: stdout all=warning uptime,level,tags foldmultilines=false
 #1: stderr all=off uptime,level,tags foldmultilines=false

Environment Variables:
PATH=C:\Program Files\Common Files\Oracle\Java\javapath;C:\ProgramData\Oracle\Java\javapath;C:\WINDOWS\system32;C:\WINDOWS;C:\WINDOWS\System32\Wbem;C:\WINDOWS\System32\WindowsPowerShell\v1.0\;C:\WINDOWS\System32\OpenSSH\;C:\Program Files\nodejs\;C:\Program Files\HP\HP One Agent;D:\xaamp\php;C:\ProgramData\ComposerSetup\bin;C:\Program Files\Git\cmd;C:\Program Files\Git\mingw64\bin;C:\Program Files\Git\usr\bin;C:\WINDOWS\system32;C:\WINDOWS;C:\WINDOWS\System32\Wbem;C:\WINDOWS\System32\WindowsPowerShell\v1.0\;C:\WINDOWS\System32\OpenSSH\;C:\Program Files (x86)\Java\jre1.8.0_161\bin;C:\Program Files\MongoDB\Server\8.0\bin;D:\mongosh-2.5.6-win32-x64\mongosh-2.5.6-win32-x64\bin;C:\Program Files\apache-maven-3.9.11\bin;C:\Program Files\MySQL\MySQL Shell 8.0\bin\;C:\Users\HP\AppData\Local\Programs\Python\Python311\Scripts\;C:\Users\HP\AppData\Local\Programs\Python\Python311\;C:\Users\HP\AppData\Local\Microsoft\WindowsApps;C:\Users\HP\AppData\Local\Programs\Microsoft VS Code\bin;C:\Users\HP\AppData\Roaming\npm;C:\MinGW\bin;C:\Users\HP\AppData\Roaming\Composer\vendor\bin;C:\Program Files\JetBrains\PyCharm Community Edition 2024.2.3\bin;;C:\Program Files\Java\jdk-24\bin;
USERNAME=HP
OS=Windows_NT
PROCESSOR_IDENTIFIER=Intel64 Family 6 Model 154 Stepping 3, GenuineIntel
TMP=C:\Users\HP\AppData\Local\Temp
TEMP=C:\Users\HP\AppData\Local\Temp




Periodic native trim disabled

---------------  S Y S T E M  ---------------

OS:
 Windows 11 , 64 bit Build 26100 (10.0.26100.4202)
OS uptime: 0 days 21:03 hours
Hyper-V role detected

CPU: total 16 (initial active 16) (8 cores per cpu, 2 threads per core) family 6 model 154 stepping 3 microcode 0x42c, cx8, cmov, fxsr, ht, mmx, 3dnowpref, sse, sse2, sse3, ssse3, sse4.1, sse4.2, popcnt, lzcnt, tsc, tscinvbit, avx, avx2, aes, erms, clmul, bmi1, bmi2, adx, sha, fma, vzeroupper, clflush, clflushopt, clwb, hv, serialize, rdtscp, rdpid, fsrm, gfni, f16c, cet_ibt, cet_ss
Processor Information for processor 0
  Max Mhz: 1700, Current Mhz: 1700, Mhz Limit: 1700
Processor Information for processor 1
  Max Mhz: 1700, Current Mhz: 1700, Mhz Limit: 1700
Processor Information for processor 2
  Max Mhz: 1700, Current Mhz: 1700, Mhz Limit: 1700
Processor Information for processor 3
  Max Mhz: 1700, Current Mhz: 1457, Mhz Limit: 1700
Processor Information for processor 4
  Max Mhz: 1700, Current Mhz: 1700, Mhz Limit: 1700
Processor Information for processor 5
  Max Mhz: 1700, Current Mhz: 1700, Mhz Limit: 1700
Processor Information for processor 6
  Max Mhz: 1700, Current Mhz: 1700, Mhz Limit: 1700
Processor Information for processor 7
  Max Mhz: 1700, Current Mhz: 1700, Mhz Limit: 1700
Processor Information for processor 8
  Max Mhz: 1700, Current Mhz: 1200, Mhz Limit: 1190
Processor Information for processor 9
  Max Mhz: 1700, Current Mhz: 1200, Mhz Limit: 1190
Processor Information for processor 10
  Max Mhz: 1700, Current Mhz: 1200, Mhz Limit: 1190
Processor Information for processor 11
  Max Mhz: 1700, Current Mhz: 1200, Mhz Limit: 1190
Processor Information for processor 12
  Max Mhz: 1700, Current Mhz: 1200, Mhz Limit: 1190
Processor Information for processor 13
  Max Mhz: 1700, Current Mhz: 1200, Mhz Limit: 1190
Processor Information for processor 14
  Max Mhz: 1700, Current Mhz: 1200, Mhz Limit: 1190
Processor Information for processor 15
  Max Mhz: 1700, Current Mhz: 1200, Mhz Limit: 1190

Memory: 4k page, system-wide physical 7863M (1140M free)
TotalPageFile size 26613M (AvailPageFile size 4M)
current process WorkingSet (physical memory assigned to process): 44M, peak: 44M
current process commit charge ("private bytes"): 221M, peak: 222M

vm_info: OpenJDK 64-Bit Server VM (24.0.2+12) for windows-amd64 JRE (24.0.2+12) (Zulu24.32+13-CA), built on 2025-07-11T12:45:44Z with MS VC++ 17.1 (VS2022)

END.
