#
# There is insufficient memory for the Java Runtime Environment to continue.
# Native memory allocation (malloc) failed to allocate 32744 bytes. Error detail: Chunk::new
# Possible reasons:
#   The system is out of physical RAM or swap space
#   This process is running with CompressedOops enabled, and the Java Heap may be blocking the growth of the native heap
# Possible solutions:
#   Reduce memory load on the system
#   Increase physical memory or swap space
#   Check if swap backing store is full
#   Decrease Java heap size (-Xmx/-Xms)
#   Decrease number of Java threads
#   Decrease Java thread stack sizes (-Xss)
#   Set larger code cache with -XX:ReservedCodeCacheSize=
#   JVM is running with Unscaled Compressed Oops mode in which the Java heap is
#     placed in the first 4GB address space. The Java Heap base address is the
#     maximum limit for the native heap growth. Please use -XX:HeapBaseMinAddress
#     to set the Java Heap base and to place the Java Heap above 4GB virtual address.
# This output file may be truncated or incomplete.
#
#  Out of Memory Error (arena.cpp:162), pid=30340, tid=16584
#
# JRE version: OpenJDK Runtime Environment Zulu24.32+13-CA (24.0.2+12) (build 24.0.2+12)
# Java VM: OpenJDK 64-Bit Server VM Zulu24.32+13-CA (24.0.2+12, mixed mode, sharing, tiered, compressed oops, compressed class ptrs, g1 gc, windows-amd64)
# No core dump will be written. Minidumps are not enabled by default on client versions of Windows
#

---------------  S U M M A R Y ------------

Command Line: -Dfile.encoding=UTF-8 --module-path=E:\OneDrive\Desktop\Electricity Billing System\build\classes electricity.billing.system.project

Host: 12th Gen Intel(R) Core(TM) i5-1240P, 16 cores, 7G,  Windows 11 , 64 bit Build 26100 (10.0.26100.4202)
Time: Thu Sep  4 07:54:16 2025 India Standard Time elapsed time: 15.311213 seconds (0d 0h 0m 15s)

---------------  T H R E A D  ---------------

Current thread (0x00000248c2211470):  JavaThread "C1 CompilerThread1" daemon [_thread_in_native, id=16584, stack(0x0000005e47e00000,0x0000005e47f00000) (1024K)]


Current CompileTask:
C1:15311 1337  s    3       java.awt.Toolkit::getDefaultToolkit (53 bytes)

Stack: [0x0000005e47e00000,0x0000005e47f00000]
Native frames: (J=compiled Java code, j=interpreted, Vv=VM code, C=native code)
V  [jvm.dll+0x741329]  (no source info available)
V  [jvm.dll+0x97e243]  (no source info available)
V  [jvm.dll+0x98056d]  (no source info available)
V  [jvm.dll+0x980be3]  (no source info available)
V  [jvm.dll+0x2b5a76]  (no source info available)
V  [jvm.dll+0xd00af]  (no source info available)
V  [jvm.dll+0xd030f]  (no source info available)
V  [jvm.dll+0x1a900e]  (no source info available)
V  [jvm.dll+0x1a381e]  (no source info available)
V  [jvm.dll+0x1915a0]  (no source info available)
V  [jvm.dll+0x17960f]  (no source info available)
V  [jvm.dll+0x178eae]  (no source info available)
V  [jvm.dll+0x17916b]  (no source info available)
V  [jvm.dll+0x17852c]  (no source info available)
V  [jvm.dll+0x17a31d]  (no source info available)
V  [jvm.dll+0x288d95]  (no source info available)
V  [jvm.dll+0x28702a]  (no source info available)
V  [jvm.dll+0x43e016]  (no source info available)
V  [jvm.dll+0x920c78]  (no source info available)
V  [jvm.dll+0x73fab5]  (no source info available)
C  [ucrtbase.dll+0x37b0]  (no source info available)
C  [KERNEL32.DLL+0x2e8d7]  (no source info available)
C  [ntdll.dll+0x3c34c]  (no source info available)

Lock stack of current Java thread (top to bottom):


---------------  P R O C E S S  ---------------

Threads class SMR info:
_java_thread_list=0x00000248c2cee390, length=16, elements={
0x00000248c21944c0, 0x00000248c2194c00, 0x00000248c2195470, 0x00000248c2196200,
0x00000248c219efa0, 0x00000248c219fd50, 0x00000248c21a3fd0, 0x00000248c21ac030,
0x00000248c2211470, 0x00000248c22b1c40, 0x00000248c23e4aa0, 0x00000248c2790540,
0x00000248c2795750, 0x00000248c2795e90, 0x00000248c2c1af50, 0x00000248a24900e0
}

Java Threads: ( => current thread )
  0x00000248c21944c0 JavaThread "Reference Handler"          daemon [_thread_blocked, id=12736, stack(0x0000005e47600000,0x0000005e47700000) (1024K)]
  0x00000248c2194c00 JavaThread "Finalizer"                  daemon [_thread_blocked, id=14908, stack(0x0000005e47700000,0x0000005e47800000) (1024K)]
  0x00000248c2195470 JavaThread "Signal Dispatcher"          daemon [_thread_blocked, id=28196, stack(0x0000005e47800000,0x0000005e47900000) (1024K)]
  0x00000248c2196200 JavaThread "Attach Listener"            daemon [_thread_blocked, id=25588, stack(0x0000005e47900000,0x0000005e47a00000) (1024K)]
  0x00000248c219efa0 JavaThread "Service Thread"             daemon [_thread_blocked, id=2568, stack(0x0000005e47a00000,0x0000005e47b00000) (1024K)]
  0x00000248c219fd50 JavaThread "Monitor Deflation Thread"   daemon [_thread_blocked, id=2888, stack(0x0000005e47b00000,0x0000005e47c00000) (1024K)]
  0x00000248c21a3fd0 JavaThread "C2 CompilerThread0"         daemon [_thread_blocked, id=31592, stack(0x0000005e47c00000,0x0000005e47d00000) (1024K)]
  0x00000248c21ac030 JavaThread "C1 CompilerThread0"         daemon [_thread_blocked, id=8688, stack(0x0000005e47d00000,0x0000005e47e00000) (1024K)]
=>0x00000248c2211470 JavaThread "C1 CompilerThread1"         daemon [_thread_in_native, id=16584, stack(0x0000005e47e00000,0x0000005e47f00000) (1024K)]
  0x00000248c22b1c40 JavaThread "Common-Cleaner"             daemon [_thread_blocked, id=31388, stack(0x0000005e47f00000,0x0000005e48000000) (1024K)]
  0x00000248c23e4aa0 JavaThread "Notification Thread"        daemon [_thread_blocked, id=10656, stack(0x0000005e48300000,0x0000005e48400000) (1024K)]
  0x00000248c2790540 JavaThread "Java2D Disposer"            daemon [_thread_blocked, id=22676, stack(0x0000005e48400000,0x0000005e48500000) (1024K)]
  0x00000248c2795750 JavaThread "AWT-Shutdown"                      [_thread_blocked, id=30504, stack(0x0000005e48500000,0x0000005e48600000) (1024K)]
  0x00000248c2795e90 JavaThread "AWT-Windows"                daemon [_thread_in_native, id=18360, stack(0x0000005e48600000,0x0000005e48700000) (1024K)]
  0x00000248c2c1af50 JavaThread "AWT-EventQueue-0"                  [_thread_blocked, id=31816, stack(0x0000005e48900000,0x0000005e48a00000) (1024K)]
  0x00000248a24900e0 JavaThread "DestroyJavaVM"                     [_thread_blocked, id=23564, stack(0x0000005e46e00000,0x0000005e46f00000) (1024K)]
Total: 16

Other Threads:
  0x00000248c15d4810 VMThread "VM Thread"                           [id=6308, stack(0x0000005e47500000,0x0000005e47600000) (1024K)]
  0x00000248c15c25a0 WatcherThread "VM Periodic Task Thread"        [id=23848, stack(0x0000005e47400000,0x0000005e47500000) (1024K)]
  0x00000248a480f130 WorkerThread "GC Thread#0"                     [id=20528, stack(0x0000005e46f00000,0x0000005e47000000) (1024K)]
  0x00000248a48404b0 ConcurrentGCThread "G1 Main Marker"            [id=27220, stack(0x0000005e47000000,0x0000005e47100000) (1024K)]
  0x00000248a4842270 WorkerThread "G1 Conc#0"                       [id=24752, stack(0x0000005e47100000,0x0000005e47200000) (1024K)]
  0x00000248c14810f0 ConcurrentGCThread "G1 Refine#0"               [id=23660, stack(0x0000005e47200000,0x0000005e47300000) (1024K)]
  0x00000248c1481920 ConcurrentGCThread "G1 Service"                [id=27768, stack(0x0000005e47300000,0x0000005e47400000) (1024K)]
Total: 7

Threads with active compile tasks:
C1 CompilerThread1  16394 1337  s    3       java.awt.Toolkit::getDefaultToolkit (53 bytes)
Total: 1

VM state: not at safepoint (normal execution)

VM Mutex/Monitor currently owned by a thread: None

Heap address: 0x0000000085200000, size: 1966 MB, Compressed Oops mode: 32-bit

CDS archive(s) mapped at: [0x00000248c3000000-0x00000248c3d40000-0x00000248c3d40000), size 13893632, SharedBaseAddress: 0x00000248c3000000, ArchiveRelocationMode: 1.
Compressed class space mapped at: 0x00000248c4000000-0x0000024904000000, reserved size: 1073741824
UseCompressedClassPointers 1, UseCompactObjectHeaders 0
Narrow klass pointer bits 32, Max shift 3
Narrow klass base: 0x00000248c3000000, Narrow klass shift: 0
Encoding Range: [0x00000248c3000000 - 0x00000249c3000000), (4294967296 bytes)
Klass Range:    [0x00000248c3000000 - 0x0000024904000000), (1090519040 bytes)
Klass ID Range:  [8 - 1090519033) (1090519025)

GC Precious Log:
 CardTable entry size: 512
 Card Set container configuration: InlinePtr #cards 5 size 8 Array Of Cards #cards 10 size 36 Howl #buckets 4 coarsen threshold 1843 Howl Bitmap #cards 512 size 80 coarsen threshold 460 Card regions per heap region 1 cards per card region 2048
 CPUs: 16 total, 16 available
 Memory: 7863M
 Large Page Support: Disabled
 NUMA Support: Disabled
 Compressed Oops: Enabled (32-bit)
 Heap Region Size: 1M
 Heap Min Capacity: 8M
 Heap Initial Capacity: 124M
 Heap Max Capacity: 1966M
 Pre-touch: Disabled
 Parallel Workers: 13
 Concurrent Workers: 3
 Concurrent Refinement Workers: 13
 Periodic GC: Disabled

Heap:
 garbage-first heap   total reserved 2013184K, committed 129024K, used 45168K [0x0000000085200000, 0x0000000100000000)
  region size 1024K, 26 young (26624K), 0 survivors (0K)
 Metaspace       used 8321K, committed 8512K, reserved 1114112K
  class space    used 705K, committed 832K, reserved 1048576K

Heap Regions: E=young(eden), S=young(survivor), O=old, HS=humongous(starts), HC=humongous(continues), CS=collection set, F=free, TAMS=top-at-mark-start, PB=parsable bottom
|   0|0x0000000085200000, 0x0000000085300000, 0x0000000085300000|100%|HS|  |TAMS 0x0000000085200000| PB 0x0000000085200000| Complete |  0
|   1|0x0000000085300000, 0x0000000085400000, 0x0000000085400000|100%|HC|  |TAMS 0x0000000085300000| PB 0x0000000085300000| Complete |  0
|   2|0x0000000085400000, 0x0000000085500000, 0x0000000085500000|100%|HC|  |TAMS 0x0000000085400000| PB 0x0000000085400000| Complete |  0
|   3|0x0000000085500000, 0x0000000085600000, 0x0000000085600000|100%|HC|  |TAMS 0x0000000085500000| PB 0x0000000085500000| Complete |  0
|   4|0x0000000085600000, 0x0000000085700000, 0x0000000085700000|100%|HS|  |TAMS 0x0000000085600000| PB 0x0000000085600000| Complete |  0
|   5|0x0000000085700000, 0x0000000085800000, 0x0000000085800000|100%|HC|  |TAMS 0x0000000085700000| PB 0x0000000085700000| Complete |  0
|   6|0x0000000085800000, 0x0000000085900000, 0x0000000085900000|100%|HC|  |TAMS 0x0000000085800000| PB 0x0000000085800000| Complete |  0
|   7|0x0000000085900000, 0x0000000085a00000, 0x0000000085a00000|100%|HC|  |TAMS 0x0000000085900000| PB 0x0000000085900000| Complete |  0
|   8|0x0000000085a00000, 0x0000000085b00000, 0x0000000085b00000|100%|HC|  |TAMS 0x0000000085a00000| PB 0x0000000085a00000| Complete |  0
|   9|0x0000000085b00000, 0x0000000085c00000, 0x0000000085c00000|100%|HC|  |TAMS 0x0000000085b00000| PB 0x0000000085b00000| Complete |  0
|  10|0x0000000085c00000, 0x0000000085d00000, 0x0000000085d00000|100%|HS|  |TAMS 0x0000000085c00000| PB 0x0000000085c00000| Complete |  0
|  11|0x0000000085d00000, 0x0000000085e00000, 0x0000000085e00000|100%|HC|  |TAMS 0x0000000085d00000| PB 0x0000000085d00000| Complete |  0
|  12|0x0000000085e00000, 0x0000000085f00000, 0x0000000085f00000|100%|HC|  |TAMS 0x0000000085e00000| PB 0x0000000085e00000| Complete |  0
|  13|0x0000000085f00000, 0x0000000086000000, 0x0000000086000000|100%|HC|  |TAMS 0x0000000085f00000| PB 0x0000000085f00000| Complete |  0
|  14|0x0000000086000000, 0x0000000086100000, 0x0000000086100000|100%|HC|  |TAMS 0x0000000086000000| PB 0x0000000086000000| Complete |  0
|  15|0x0000000086100000, 0x0000000086200000, 0x0000000086200000|100%|HC|  |TAMS 0x0000000086100000| PB 0x0000000086100000| Complete |  0
|  16|0x0000000086200000, 0x0000000086300000, 0x0000000086300000|100%|HC|  |TAMS 0x0000000086200000| PB 0x0000000086200000| Complete |  0
|  17|0x0000000086300000, 0x0000000086400000, 0x0000000086400000|100%|HC|  |TAMS 0x0000000086300000| PB 0x0000000086300000| Complete |  0
|  18|0x0000000086400000, 0x0000000086400000, 0x0000000086500000|  0%| F|  |TAMS 0x0000000086400000| PB 0x0000000086400000| Untracked |  0
|  19|0x0000000086500000, 0x0000000086500000, 0x0000000086600000|  0%| F|  |TAMS 0x0000000086500000| PB 0x0000000086500000| Untracked |  0
|  20|0x0000000086600000, 0x0000000086600000, 0x0000000086700000|  0%| F|  |TAMS 0x0000000086600000| PB 0x0000000086600000| Untracked |  0
|  21|0x0000000086700000, 0x0000000086700000, 0x0000000086800000|  0%| F|  |TAMS 0x0000000086700000| PB 0x0000000086700000| Untracked |  0
|  22|0x0000000086800000, 0x0000000086800000, 0x0000000086900000|  0%| F|  |TAMS 0x0000000086800000| PB 0x0000000086800000| Untracked |  0
|  23|0x0000000086900000, 0x0000000086900000, 0x0000000086a00000|  0%| F|  |TAMS 0x0000000086900000| PB 0x0000000086900000| Untracked |  0
|  24|0x0000000086a00000, 0x0000000086a00000, 0x0000000086b00000|  0%| F|  |TAMS 0x0000000086a00000| PB 0x0000000086a00000| Untracked |  0
|  25|0x0000000086b00000, 0x0000000086b00000, 0x0000000086c00000|  0%| F|  |TAMS 0x0000000086b00000| PB 0x0000000086b00000| Untracked |  0
|  26|0x0000000086c00000, 0x0000000086c00000, 0x0000000086d00000|  0%| F|  |TAMS 0x0000000086c00000| PB 0x0000000086c00000| Untracked |  0
|  27|0x0000000086d00000, 0x0000000086d00000, 0x0000000086e00000|  0%| F|  |TAMS 0x0000000086d00000| PB 0x0000000086d00000| Untracked |  0
|  28|0x0000000086e00000, 0x0000000086e00000, 0x0000000086f00000|  0%| F|  |TAMS 0x0000000086e00000| PB 0x0000000086e00000| Untracked |  0
|  29|0x0000000086f00000, 0x0000000086f00000, 0x0000000087000000|  0%| F|  |TAMS 0x0000000086f00000| PB 0x0000000086f00000| Untracked |  0
|  30|0x0000000087000000, 0x0000000087000000, 0x0000000087100000|  0%| F|  |TAMS 0x0000000087000000| PB 0x0000000087000000| Untracked |  0
|  31|0x0000000087100000, 0x0000000087100000, 0x0000000087200000|  0%| F|  |TAMS 0x0000000087100000| PB 0x0000000087100000| Untracked |  0
|  32|0x0000000087200000, 0x0000000087200000, 0x0000000087300000|  0%| F|  |TAMS 0x0000000087200000| PB 0x0000000087200000| Untracked |  0
|  33|0x0000000087300000, 0x0000000087300000, 0x0000000087400000|  0%| F|  |TAMS 0x0000000087300000| PB 0x0000000087300000| Untracked |  0
|  34|0x0000000087400000, 0x0000000087400000, 0x0000000087500000|  0%| F|  |TAMS 0x0000000087400000| PB 0x0000000087400000| Untracked |  0
|  35|0x0000000087500000, 0x0000000087500000, 0x0000000087600000|  0%| F|  |TAMS 0x0000000087500000| PB 0x0000000087500000| Untracked |  0
|  36|0x0000000087600000, 0x0000000087600000, 0x0000000087700000|  0%| F|  |TAMS 0x0000000087600000| PB 0x0000000087600000| Untracked |  0
|  37|0x0000000087700000, 0x0000000087700000, 0x0000000087800000|  0%| F|  |TAMS 0x0000000087700000| PB 0x0000000087700000| Untracked |  0
|  38|0x0000000087800000, 0x0000000087800000, 0x0000000087900000|  0%| F|  |TAMS 0x0000000087800000| PB 0x0000000087800000| Untracked |  0
|  39|0x0000000087900000, 0x0000000087900000, 0x0000000087a00000|  0%| F|  |TAMS 0x0000000087900000| PB 0x0000000087900000| Untracked |  0
|  40|0x0000000087a00000, 0x0000000087a00000, 0x0000000087b00000|  0%| F|  |TAMS 0x0000000087a00000| PB 0x0000000087a00000| Untracked |  0
|  41|0x0000000087b00000, 0x0000000087b00000, 0x0000000087c00000|  0%| F|  |TAMS 0x0000000087b00000| PB 0x0000000087b00000| Untracked |  0
|  42|0x0000000087c00000, 0x0000000087c00000, 0x0000000087d00000|  0%| F|  |TAMS 0x0000000087c00000| PB 0x0000000087c00000| Untracked |  0
|  43|0x0000000087d00000, 0x0000000087d00000, 0x0000000087e00000|  0%| F|  |TAMS 0x0000000087d00000| PB 0x0000000087d00000| Untracked |  0
|  44|0x0000000087e00000, 0x0000000087e00000, 0x0000000087f00000|  0%| F|  |TAMS 0x0000000087e00000| PB 0x0000000087e00000| Untracked |  0
|  45|0x0000000087f00000, 0x0000000087f00000, 0x0000000088000000|  0%| F|  |TAMS 0x0000000087f00000| PB 0x0000000087f00000| Untracked |  0
|  46|0x0000000088000000, 0x0000000088000000, 0x0000000088100000|  0%| F|  |TAMS 0x0000000088000000| PB 0x0000000088000000| Untracked |  0
|  47|0x0000000088100000, 0x0000000088100000, 0x0000000088200000|  0%| F|  |TAMS 0x0000000088100000| PB 0x0000000088100000| Untracked |  0
|  48|0x0000000088200000, 0x0000000088200000, 0x0000000088300000|  0%| F|  |TAMS 0x0000000088200000| PB 0x0000000088200000| Untracked |  0
|  49|0x0000000088300000, 0x0000000088300000, 0x0000000088400000|  0%| F|  |TAMS 0x0000000088300000| PB 0x0000000088300000| Untracked |  0
|  50|0x0000000088400000, 0x0000000088400000, 0x0000000088500000|  0%| F|  |TAMS 0x0000000088400000| PB 0x0000000088400000| Untracked |  0
|  51|0x0000000088500000, 0x0000000088500000, 0x0000000088600000|  0%| F|  |TAMS 0x0000000088500000| PB 0x0000000088500000| Untracked |  0
|  52|0x0000000088600000, 0x0000000088600000, 0x0000000088700000|  0%| F|  |TAMS 0x0000000088600000| PB 0x0000000088600000| Untracked |  0
|  53|0x0000000088700000, 0x0000000088700000, 0x0000000088800000|  0%| F|  |TAMS 0x0000000088700000| PB 0x0000000088700000| Untracked |  0
|  54|0x0000000088800000, 0x0000000088800000, 0x0000000088900000|  0%| F|  |TAMS 0x0000000088800000| PB 0x0000000088800000| Untracked |  0
|  55|0x0000000088900000, 0x0000000088900000, 0x0000000088a00000|  0%| F|  |TAMS 0x0000000088900000| PB 0x0000000088900000| Untracked |  0
|  56|0x0000000088a00000, 0x0000000088a00000, 0x0000000088b00000|  0%| F|  |TAMS 0x0000000088a00000| PB 0x0000000088a00000| Untracked |  0
|  57|0x0000000088b00000, 0x0000000088b00000, 0x0000000088c00000|  0%| F|  |TAMS 0x0000000088b00000| PB 0x0000000088b00000| Untracked |  0
|  58|0x0000000088c00000, 0x0000000088c00000, 0x0000000088d00000|  0%| F|  |TAMS 0x0000000088c00000| PB 0x0000000088c00000| Untracked |  0
|  59|0x0000000088d00000, 0x0000000088d00000, 0x0000000088e00000|  0%| F|  |TAMS 0x0000000088d00000| PB 0x0000000088d00000| Untracked |  0
|  60|0x0000000088e00000, 0x0000000088e00000, 0x0000000088f00000|  0%| F|  |TAMS 0x0000000088e00000| PB 0x0000000088e00000| Untracked |  0
|  61|0x0000000088f00000, 0x0000000088f00000, 0x0000000089000000|  0%| F|  |TAMS 0x0000000088f00000| PB 0x0000000088f00000| Untracked |  0
|  62|0x0000000089000000, 0x0000000089000000, 0x0000000089100000|  0%| F|  |TAMS 0x0000000089000000| PB 0x0000000089000000| Untracked |  0
|  63|0x0000000089100000, 0x0000000089100000, 0x0000000089200000|  0%| F|  |TAMS 0x0000000089100000| PB 0x0000000089100000| Untracked |  0
|  64|0x0000000089200000, 0x0000000089200000, 0x0000000089300000|  0%| F|  |TAMS 0x0000000089200000| PB 0x0000000089200000| Untracked |  0
|  65|0x0000000089300000, 0x0000000089300000, 0x0000000089400000|  0%| F|  |TAMS 0x0000000089300000| PB 0x0000000089300000| Untracked |  0
|  66|0x0000000089400000, 0x0000000089400000, 0x0000000089500000|  0%| F|  |TAMS 0x0000000089400000| PB 0x0000000089400000| Untracked |  0
|  67|0x0000000089500000, 0x0000000089500000, 0x0000000089600000|  0%| F|  |TAMS 0x0000000089500000| PB 0x0000000089500000| Untracked |  0
|  68|0x0000000089600000, 0x0000000089600000, 0x0000000089700000|  0%| F|  |TAMS 0x0000000089600000| PB 0x0000000089600000| Untracked |  0
|  69|0x0000000089700000, 0x0000000089700000, 0x0000000089800000|  0%| F|  |TAMS 0x0000000089700000| PB 0x0000000089700000| Untracked |  0
|  70|0x0000000089800000, 0x0000000089800000, 0x0000000089900000|  0%| F|  |TAMS 0x0000000089800000| PB 0x0000000089800000| Untracked |  0
|  71|0x0000000089900000, 0x0000000089900000, 0x0000000089a00000|  0%| F|  |TAMS 0x0000000089900000| PB 0x0000000089900000| Untracked |  0
|  72|0x0000000089a00000, 0x0000000089a00000, 0x0000000089b00000|  0%| F|  |TAMS 0x0000000089a00000| PB 0x0000000089a00000| Untracked |  0
|  73|0x0000000089b00000, 0x0000000089b00000, 0x0000000089c00000|  0%| F|  |TAMS 0x0000000089b00000| PB 0x0000000089b00000| Untracked |  0
|  74|0x0000000089c00000, 0x0000000089c00000, 0x0000000089d00000|  0%| F|  |TAMS 0x0000000089c00000| PB 0x0000000089c00000| Untracked |  0
|  75|0x0000000089d00000, 0x0000000089d00000, 0x0000000089e00000|  0%| F|  |TAMS 0x0000000089d00000| PB 0x0000000089d00000| Untracked |  0
|  76|0x0000000089e00000, 0x0000000089e00000, 0x0000000089f00000|  0%| F|  |TAMS 0x0000000089e00000| PB 0x0000000089e00000| Untracked |  0
|  77|0x0000000089f00000, 0x0000000089f00000, 0x000000008a000000|  0%| F|  |TAMS 0x0000000089f00000| PB 0x0000000089f00000| Untracked |  0
|  78|0x000000008a000000, 0x000000008a000000, 0x000000008a100000|  0%| F|  |TAMS 0x000000008a000000| PB 0x000000008a000000| Untracked |  0
|  79|0x000000008a100000, 0x000000008a100000, 0x000000008a200000|  0%| F|  |TAMS 0x000000008a100000| PB 0x000000008a100000| Untracked |  0
|  80|0x000000008a200000, 0x000000008a200000, 0x000000008a300000|  0%| F|  |TAMS 0x000000008a200000| PB 0x000000008a200000| Untracked |  0
|  81|0x000000008a300000, 0x000000008a300000, 0x000000008a400000|  0%| F|  |TAMS 0x000000008a300000| PB 0x000000008a300000| Untracked |  0
|  82|0x000000008a400000, 0x000000008a400000, 0x000000008a500000|  0%| F|  |TAMS 0x000000008a400000| PB 0x000000008a400000| Untracked |  0
|  83|0x000000008a500000, 0x000000008a500000, 0x000000008a600000|  0%| F|  |TAMS 0x000000008a500000| PB 0x000000008a500000| Untracked |  0
|  84|0x000000008a600000, 0x000000008a600000, 0x000000008a700000|  0%| F|  |TAMS 0x000000008a600000| PB 0x000000008a600000| Untracked |  0
|  85|0x000000008a700000, 0x000000008a700000, 0x000000008a800000|  0%| F|  |TAMS 0x000000008a700000| PB 0x000000008a700000| Untracked |  0
|  86|0x000000008a800000, 0x000000008a800000, 0x000000008a900000|  0%| F|  |TAMS 0x000000008a800000| PB 0x000000008a800000| Untracked |  0
|  87|0x000000008a900000, 0x000000008a900000, 0x000000008aa00000|  0%| F|  |TAMS 0x000000008a900000| PB 0x000000008a900000| Untracked |  0
|  88|0x000000008aa00000, 0x000000008aa00000, 0x000000008ab00000|  0%| F|  |TAMS 0x000000008aa00000| PB 0x000000008aa00000| Untracked |  0
|  89|0x000000008ab00000, 0x000000008ab00000, 0x000000008ac00000|  0%| F|  |TAMS 0x000000008ab00000| PB 0x000000008ab00000| Untracked |  0
|  90|0x000000008ac00000, 0x000000008ac00000, 0x000000008ad00000|  0%| F|  |TAMS 0x000000008ac00000| PB 0x000000008ac00000| Untracked |  0
|  91|0x000000008ad00000, 0x000000008ad00000, 0x000000008ae00000|  0%| F|  |TAMS 0x000000008ad00000| PB 0x000000008ad00000| Untracked |  0
|  92|0x000000008ae00000, 0x000000008ae00000, 0x000000008af00000|  0%| F|  |TAMS 0x000000008ae00000| PB 0x000000008ae00000| Untracked |  0
|  93|0x000000008af00000, 0x000000008af00000, 0x000000008b000000|  0%| F|  |TAMS 0x000000008af00000| PB 0x000000008af00000| Untracked |  0
|  94|0x000000008b000000, 0x000000008b000000, 0x000000008b100000|  0%| F|  |TAMS 0x000000008b000000| PB 0x000000008b000000| Untracked |  0
|  95|0x000000008b100000, 0x000000008b100000, 0x000000008b200000|  0%| F|  |TAMS 0x000000008b100000| PB 0x000000008b100000| Untracked |  0
|  96|0x000000008b200000, 0x000000008b200000, 0x000000008b300000|  0%| F|  |TAMS 0x000000008b200000| PB 0x000000008b200000| Untracked |  0
|  97|0x000000008b300000, 0x000000008b300000, 0x000000008b400000|  0%| F|  |TAMS 0x000000008b300000| PB 0x000000008b300000| Untracked |  0
|  98|0x000000008b400000, 0x000000008b480000, 0x000000008b500000| 50%| E|  |TAMS 0x000000008b400000| PB 0x000000008b400000| Complete |  0
|  99|0x000000008b500000, 0x000000008b600000, 0x000000008b600000|100%| E|CS|TAMS 0x000000008b500000| PB 0x000000008b500000| Complete |  0
| 100|0x000000008b600000, 0x000000008b700000, 0x000000008b700000|100%| E|CS|TAMS 0x000000008b600000| PB 0x000000008b600000| Complete |  0
| 101|0x000000008b700000, 0x000000008b800000, 0x000000008b800000|100%| E|CS|TAMS 0x000000008b700000| PB 0x000000008b700000| Complete |  0
| 102|0x000000008b800000, 0x000000008b900000, 0x000000008b900000|100%| E|CS|TAMS 0x000000008b800000| PB 0x000000008b800000| Complete |  0
| 103|0x000000008b900000, 0x000000008ba00000, 0x000000008ba00000|100%| E|CS|TAMS 0x000000008b900000| PB 0x000000008b900000| Complete |  0
| 104|0x000000008ba00000, 0x000000008bb00000, 0x000000008bb00000|100%| E|CS|TAMS 0x000000008ba00000| PB 0x000000008ba00000| Complete |  0
| 105|0x000000008bb00000, 0x000000008bc00000, 0x000000008bc00000|100%| E|CS|TAMS 0x000000008bb00000| PB 0x000000008bb00000| Complete |  0
| 106|0x000000008bc00000, 0x000000008bd00000, 0x000000008bd00000|100%| E|CS|TAMS 0x000000008bc00000| PB 0x000000008bc00000| Complete |  0
| 107|0x000000008bd00000, 0x000000008be00000, 0x000000008be00000|100%| E|CS|TAMS 0x000000008bd00000| PB 0x000000008bd00000| Complete |  0
| 108|0x000000008be00000, 0x000000008bf00000, 0x000000008bf00000|100%| E|CS|TAMS 0x000000008be00000| PB 0x000000008be00000| Complete |  0
| 109|0x000000008bf00000, 0x000000008c000000, 0x000000008c000000|100%| E|CS|TAMS 0x000000008bf00000| PB 0x000000008bf00000| Complete |  0
| 110|0x000000008c000000, 0x000000008c100000, 0x000000008c100000|100%| E|CS|TAMS 0x000000008c000000| PB 0x000000008c000000| Complete |  0
| 111|0x000000008c100000, 0x000000008c200000, 0x000000008c200000|100%| E|CS|TAMS 0x000000008c100000| PB 0x000000008c100000| Complete |  0
| 112|0x000000008c200000, 0x000000008c300000, 0x000000008c300000|100%| E|CS|TAMS 0x000000008c200000| PB 0x000000008c200000| Complete |  0
| 113|0x000000008c300000, 0x000000008c400000, 0x000000008c400000|100%| E|CS|TAMS 0x000000008c300000| PB 0x000000008c300000| Complete |  0
| 114|0x000000008c400000, 0x000000008c500000, 0x000000008c500000|100%| E|CS|TAMS 0x000000008c400000| PB 0x000000008c400000| Complete |  0
| 115|0x000000008c500000, 0x000000008c600000, 0x000000008c600000|100%| E|CS|TAMS 0x000000008c500000| PB 0x000000008c500000| Complete |  0
| 116|0x000000008c600000, 0x000000008c700000, 0x000000008c700000|100%| E|CS|TAMS 0x000000008c600000| PB 0x000000008c600000| Complete |  0
| 117|0x000000008c700000, 0x000000008c800000, 0x000000008c800000|100%| E|CS|TAMS 0x000000008c700000| PB 0x000000008c700000| Complete |  0
| 118|0x000000008c800000, 0x000000008c900000, 0x000000008c900000|100%| E|CS|TAMS 0x000000008c800000| PB 0x000000008c800000| Complete |  0
| 119|0x000000008c900000, 0x000000008ca00000, 0x000000008ca00000|100%| E|CS|TAMS 0x000000008c900000| PB 0x000000008c900000| Complete |  0
| 120|0x000000008ca00000, 0x000000008cb00000, 0x000000008cb00000|100%| E|CS|TAMS 0x000000008ca00000| PB 0x000000008ca00000| Complete |  0
| 121|0x000000008cb00000, 0x000000008cc00000, 0x000000008cc00000|100%| E|CS|TAMS 0x000000008cb00000| PB 0x000000008cb00000| Complete |  0
| 122|0x000000008cc00000, 0x000000008cd00000, 0x000000008cd00000|100%| E|CS|TAMS 0x000000008cc00000| PB 0x000000008cc00000| Complete |  0
| 123|0x000000008cd00000, 0x000000008ce00000, 0x000000008ce00000|100%| E|CS|TAMS 0x000000008cd00000| PB 0x000000008cd00000| Complete |  0
|1964|0x00000000ffe00000, 0x00000000fff00000, 0x00000000fff00000|100%| O|  |TAMS 0x00000000ffe00000| PB 0x00000000ffe00000| Untracked |  0
|1965|0x00000000fff00000, 0x00000000fff1c318, 0x0000000100000000| 11%| O|  |TAMS 0x00000000fff00000| PB 0x00000000fff00000| Untracked |  0

Card table byte_map: [0x00000248bcf20000,0x00000248bd300000] _byte_map_base: 0x00000248bcaf7000

Marking Bits: (CMBitMap*) 0x00000248a480f840
 Bits: [0x00000248bd300000, 0x00000248bf1b8000)

Polling page: 0x00000248a2600000

Metaspace:

Usage:
  Non-class:      7.44 MB used.
      Class:    705.41 KB used.
       Both:      8.13 MB used.

Virtual space:
  Non-class space:       64.00 MB reserved,       7.50 MB ( 12%) committed,  1 nodes.
      Class space:        1.00 GB reserved,     832.00 KB ( <1%) committed,  1 nodes.
             Both:        1.06 GB reserved,       8.31 MB ( <1%) committed. 

Chunk freelists:
   Non-Class:  8.44 MB
       Class:  15.22 MB
        Both:  23.66 MB

MaxMetaspaceSize: unlimited
CompressedClassSpaceSize: 1.00 GB
Initial GC threshold: 21.00 MB
Current GC threshold: 21.00 MB
CDS: on
 - commit_granule_bytes: 65536.
 - commit_granule_words: 8192.
 - virtual_space_node_default_size: 8388608.
 - enlarge_chunks_in_place: 1.
UseCompressedClassPointers 1, UseCompactObjectHeaders 0
Narrow klass pointer bits 32, Max shift 3
Narrow klass base: 0x00000248c3000000, Narrow klass shift: 0
Encoding Range: [0x00000248c3000000 - 0x00000249c3000000), (4294967296 bytes)
Klass Range:    [0x00000248c3000000 - 0x0000024904000000), (1090519040 bytes)
Klass ID Range:  [8 - 1090519033) (1090519025)


Internal statistics:

num_allocs_failed_limit: 0.
num_arena_births: 118.
num_arena_deaths: 0.
num_vsnodes_births: 2.
num_vsnodes_deaths: 0.
num_space_committed: 133.
num_space_uncommitted: 0.
num_chunks_returned_to_freelist: 0.
num_chunks_taken_from_freelist: 156.
num_chunk_merges: 0.
num_chunk_splits: 91.
num_chunks_enlarged: 36.
num_inconsistent_stats: 0.

CodeHeap 'non-profiled nmethods': size=119232Kb used=344Kb max_used=344Kb free=118887Kb
 bounds [0x00000248b4e50000, 0x00000248b50c0000, 0x00000248bc2c0000]
CodeHeap 'profiled nmethods': size=119104Kb used=1835Kb max_used=1835Kb free=117268Kb
 bounds [0x00000248ad2c0000, 0x00000248ad530000, 0x00000248b4710000]
CodeHeap 'non-nmethods': size=7424Kb used=2031Kb max_used=3180Kb free=5393Kb
 bounds [0x00000248b4710000, 0x00000248b4a30000, 0x00000248b4e50000]
CodeCache: size=245760Kb, used=4210Kb, max_used=5359Kb, free=241548Kb
 total_blobs=1982, nmethods=1339, adapters=548, full_count=0
Compilation: enabled, stopped_count=0, restarted_count=0

Compilation events (20 events):
Event: 9.183 Thread 0x00000248c22b5630 1328  s    3       sun.java2d.loops.RenderCache::get (100 bytes)
Event: 9.183 Thread 0x00000248c21ac030 nmethod 1329 0x00000248ad485408 code [0x00000248ad485580, 0x00000248ad485cb0]
Event: 9.183 Thread 0x00000248c21ac030 1327       3       java.lang.Math::round (70 bytes)
Event: 9.183 Thread 0x00000248c22b5630 nmethod 1328 0x00000248ad485d08 code [0x00000248ad485e80, 0x00000248ad486780]
Event: 9.183 Thread 0x00000248c22b5630 1331       3       java.awt.GradientPaint::getTransparency (31 bytes)
Event: 9.183 Thread 0x00000248c22b5630 nmethod 1331 0x00000248ad486808 code [0x00000248ad486940, 0x00000248ad486dc8]
Event: 9.183 Thread 0x00000248c22b5630 1332       3       java.awt.geom.AffineTransform::transform (635 bytes)
Event: 9.184 Thread 0x00000248c21ac030 nmethod 1327 0x00000248ad486e08 code [0x00000248ad486f20, 0x00000248ad487138]
Event: 9.184 Thread 0x00000248c21ac030 1330       1       java.lang.Float::floatValue (5 bytes)
Event: 9.184 Thread 0x00000248c21ac030 nmethod 1330 0x00000248b4ea5388 code [0x00000248b4ea5480, 0x00000248b4ea5548]
Event: 9.184 Thread 0x00000248c2211470 1333       3       sun.java2d.SunGraphics2D::invalidateTransform (226 bytes)
Event: 9.184 Thread 0x00000248c21ac030 1334       3       sun.java2d.SunGraphics2D::validateBasicStroke (332 bytes)
Event: 9.184 Thread 0x00000248c22b5630 nmethod 1332 0x00000248ad487188 code [0x00000248ad487400, 0x00000248ad4885c0]
Event: 9.184 Thread 0x00000248c2211470 nmethod 1333 0x00000248ad488608 code [0x00000248ad4887e0, 0x00000248ad4890e0]
Event: 9.184 Thread 0x00000248c2211470 1336       3       sun.awt.Win32GraphicsConfig::getDefaultTransform (24 bytes)
Event: 9.184 Thread 0x00000248c22b5630 1335       1       java.awt.Component::getGraphicsConfiguration_NoClientCode (5 bytes)
Event: 9.185 Thread 0x00000248c22b5630 nmethod 1335 0x00000248b4ea5688 code [0x00000248b4ea5780, 0x00000248b4ea5848]
Event: 9.185 Thread 0x00000248c2211470 nmethod 1336 0x00000248ad489188 code [0x00000248ad4892a0, 0x00000248ad489518]
Event: 9.185 Thread 0x00000248c21ac030 nmethod 1334 0x00000248ad489588 code [0x00000248ad489820, 0x00000248ad48a720]
Event: 13.277 Thread 0x00000248c2211470 1337  s    3       java.awt.Toolkit::getDefaultToolkit (53 bytes)

GC Heap History (0 events):
No events

Dll operation events (10 events):
Event: 0.007 Loaded shared library C:\Program Files\Apache NetBeans\jdk\bin\java.dll
Event: 0.451 Loaded shared library C:\Program Files\Apache NetBeans\jdk\bin\jsvml.dll
Event: 0.479 Loaded shared library C:\Program Files\Apache NetBeans\jdk\bin\net.dll
Event: 0.481 Loaded shared library C:\Program Files\Apache NetBeans\jdk\bin\nio.dll
Event: 0.503 Loaded shared library C:\Program Files\Apache NetBeans\jdk\bin\zip.dll
Event: 0.510 Loaded shared library C:\Program Files\Apache NetBeans\jdk\bin\jimage.dll
Event: 0.519 Loaded shared library C:\Program Files\Apache NetBeans\jdk\bin\awt.dll
Event: 0.685 Loaded shared library C:\Program Files\Apache NetBeans\jdk\bin\javajpeg.dll
Event: 0.761 Loaded shared library C:\Program Files\Apache NetBeans\jdk\bin\freetype.dll
Event: 0.762 Loaded shared library C:\Program Files\Apache NetBeans\jdk\bin\fontmanager.dll

Deoptimization events (20 events):
Event: 3.100 Thread 0x00000248c2c1af50 DEOPT PACKING pc=0x00000248ad463750 sp=0x0000005e489fce90
Event: 3.100 Thread 0x00000248c2c1af50 DEOPT UNPACKING pc=0x00000248b4765722 sp=0x0000005e489fc360 mode 0
Event: 3.100 Thread 0x00000248c2c1af50 DEOPT PACKING pc=0x00000248ad463750 sp=0x0000005e489fce90
Event: 3.100 Thread 0x00000248c2c1af50 DEOPT UNPACKING pc=0x00000248b4765722 sp=0x0000005e489fc360 mode 0
Event: 3.101 Thread 0x00000248c2c1af50 DEOPT PACKING pc=0x00000248ad463750 sp=0x0000005e489fce90
Event: 3.101 Thread 0x00000248c2c1af50 DEOPT UNPACKING pc=0x00000248b4765722 sp=0x0000005e489fc360 mode 0
Event: 3.101 Thread 0x00000248c2c1af50 DEOPT PACKING pc=0x00000248ad463750 sp=0x0000005e489fce90
Event: 3.101 Thread 0x00000248c2c1af50 DEOPT UNPACKING pc=0x00000248b4765722 sp=0x0000005e489fc360 mode 0
Event: 3.102 Thread 0x00000248c2c1af50 DEOPT PACKING pc=0x00000248ad463750 sp=0x0000005e489fce90
Event: 3.102 Thread 0x00000248c2c1af50 DEOPT UNPACKING pc=0x00000248b4765722 sp=0x0000005e489fc360 mode 0
Event: 3.102 Thread 0x00000248c2c1af50 DEOPT PACKING pc=0x00000248ad463750 sp=0x0000005e489fce90
Event: 3.102 Thread 0x00000248c2c1af50 DEOPT UNPACKING pc=0x00000248b4765722 sp=0x0000005e489fc360 mode 0
Event: 3.103 Thread 0x00000248c2c1af50 DEOPT PACKING pc=0x00000248ad463750 sp=0x0000005e489fce90
Event: 3.103 Thread 0x00000248c2c1af50 DEOPT UNPACKING pc=0x00000248b4765722 sp=0x0000005e489fc360 mode 0
Event: 3.104 Thread 0x00000248c2c1af50 DEOPT PACKING pc=0x00000248ad463750 sp=0x0000005e489fce90
Event: 3.104 Thread 0x00000248c2c1af50 DEOPT UNPACKING pc=0x00000248b4765722 sp=0x0000005e489fc360 mode 0
Event: 3.104 Thread 0x00000248c2c1af50 DEOPT PACKING pc=0x00000248ad463750 sp=0x0000005e489fce90
Event: 3.104 Thread 0x00000248c2c1af50 DEOPT UNPACKING pc=0x00000248b4765722 sp=0x0000005e489fc360 mode 0
Event: 3.105 Thread 0x00000248c2c1af50 DEOPT PACKING pc=0x00000248ad463750 sp=0x0000005e489fce90
Event: 3.105 Thread 0x00000248c2c1af50 DEOPT UNPACKING pc=0x00000248b4765722 sp=0x0000005e489fc360 mode 0

Classes loaded (20 events):
Event: 3.077 Loading class javax/swing/JApplet
Event: 3.078 Loading class javax/swing/JApplet done
Event: 3.094 Loading class javax/swing/CellRendererPane
Event: 3.094 Loading class javax/swing/CellRendererPane done
Event: 3.108 Loading class sun/awt/UngrabEvent
Event: 3.108 Loading class sun/awt/UngrabEvent done
Event: 3.251 Loading class javax/swing/event/MenuDragMouseEvent
Event: 3.252 Loading class javax/swing/event/MenuDragMouseEvent done
Event: 7.174 Loading class sun/awt/DebugSettings
Event: 8.175 Loading class sun/awt/DebugSettings done
Event: 8.177 Loading class javax/swing/event/MenuKeyEvent
Event: 8.177 Loading class javax/swing/event/MenuKeyEvent done
Event: 8.177 Loading class javax/swing/JComponent$KeyboardState
Event: 8.177 Loading class javax/swing/JComponent$KeyboardState done
Event: 8.177 Loading class javax/swing/JComponent$IntVector
Event: 8.177 Loading class javax/swing/JComponent$IntVector done
Event: 8.177 Loading class java/util/Vector$1
Event: 8.178 Loading class java/util/Vector$1 done
Event: 13.276 Loading class java/awt/KeyboardFocusManager$2
Event: 13.277 Loading class java/awt/KeyboardFocusManager$2 done

Classes unloaded (0 events):
No events

Classes redefined (0 events):
No events

Internal exceptions (20 events):
Event: 0.577 Thread 0x00000248a24900e0 Exception <a 'java/lang/NoSuchMethodError'{0x000000008c9808c8}: 'java.lang.Object java.lang.invoke.DirectMethodHandle$Holder.invokeStaticInit(java.lang.Object, long)'> (0x000000008c9808c8) 
thrown [s\src\hotspot\share\interpreter\linkResolver.cpp, line 805]
Event: 0.592 Thread 0x00000248a24900e0 Exception <a 'java/lang/NoSuchMethodError'{0x000000008c9b0d10}: 'void java.lang.invoke.DirectMethodHandle$Holder.invokeSpecial(java.lang.Object, java.lang.Object, java.lang.Object)'> (0x000000008c9b0d10) 
thrown [s\src\hotspot\share\interpreter\linkResolver.cpp, line 805]
Event: 0.602 Thread 0x00000248a24900e0 Exception <a 'java/lang/NoSuchMethodError'{0x000000008c820788}: 'java.lang.Object java.lang.invoke.DirectMethodHandle$Holder.newInvokeSpecial(java.lang.Object, java.lang.Object, java.lang.Object, java.lang.Object, java.lang.Object)'> (0x000000008c820788) 
thrown [s\src\hotspot\share\interpreter\linkResolver.cpp, line 805]
Event: 0.608 Thread 0x00000248a24900e0 Exception <a 'java/lang/NoSuchMethodError'{0x000000008c888b18}: 'java.lang.Object java.lang.invoke.DirectMethodHandle$Holder.invokeStatic(java.lang.Object, int, java.lang.Object)'> (0x000000008c888b18) 
thrown [s\src\hotspot\share\interpreter\linkResolver.cpp, line 805]
Event: 0.635 Thread 0x00000248a24900e0 Exception <a 'java/lang/ClassNotFoundException'{0x000000008c6b5d00}: com/sun/swing/internal/plaf/metal/resources/spi/metalProvider> (0x000000008c6b5d00) 
thrown [s\src\hotspot\share\classfile\systemDictionary.cpp, line 327]
Event: 0.635 Thread 0x00000248a24900e0 Exception <a 'java/lang/ClassNotFoundException'{0x000000008c6b9760}: com/sun/swing/internal/plaf/basic/resources/spi/basicProvider> (0x000000008c6b9760) 
thrown [s\src\hotspot\share\classfile\systemDictionary.cpp, line 327]
Event: 0.644 Thread 0x00000248a24900e0 Exception <a 'java/lang/NoSuchMethodError'{0x000000008c6e7218}: 'int java.lang.invoke.Invokers$Holder.invokeExact_MT(java.lang.Object, java.lang.Object)'> (0x000000008c6e7218) 
thrown [s\src\hotspot\share\interpreter\linkResolver.cpp, line 805]
Event: 0.745 Thread 0x00000248c2795e90 Exception <a 'java/lang/NoSuchMethodError'{0x000000008c90fe80}: 'void java.lang.invoke.DirectMethodHandle$Holder.invokeVirtual(java.lang.Object, java.lang.Object)'> (0x000000008c90fe80) 
thrown [s\src\hotspot\share\interpreter\linkResolver.cpp, line 805]
Event: 0.757 Thread 0x00000248a24900e0 Exception <a 'java/lang/NoSuchMethodError'{0x000000008baa5dd0}: 'void java.lang.invoke.DirectMethodHandle$Holder.invokeStaticInit(java.lang.Object)'> (0x000000008baa5dd0) 
thrown [s\src\hotspot\share\interpreter\linkResolver.cpp, line 805]
Event: 0.771 Thread 0x00000248a24900e0 Exception <a 'java/lang/NoSuchMethodError'{0x000000008bada4e0}: 'long java.lang.invoke.DirectMethodHandle$Holder.invokeStaticInit(java.lang.Object, long, long, long, long)'> (0x000000008bada4e0) 
thrown [s\src\hotspot\share\interpreter\linkResolver.cpp, line 805]
Event: 0.771 Thread 0x00000248a24900e0 Exception <a 'java/lang/NoSuchMethodError'{0x000000008bae2ee8}: 'java.lang.Object java.lang.invoke.DirectMethodHandle$Holder.invokeInterface(java.lang.Object, java.lang.Object, long, long)'> (0x000000008bae2ee8) 
thrown [s\src\hotspot\share\interpreter\linkResolver.cpp, line 805]
Event: 0.773 Thread 0x00000248a24900e0 Exception <a 'java/lang/NoSuchMethodError'{0x000000008bafb7c0}: 'void java.lang.invoke.DirectMethodHandle$Holder.invokeStaticInit(java.lang.Object, java.lang.Object, long, java.lang.Object)'> (0x000000008bafb7c0) 
thrown [s\src\hotspot\share\interpreter\linkResolver.cpp, line 805]
Event: 0.773 Thread 0x00000248a24900e0 Exception <a 'java/lang/NoSuchMethodError'{0x000000008b984650}: 'long java.lang.invoke.DirectMethodHandle$Holder.invokeStatic(java.lang.Object, long, long)'> (0x000000008b984650) 
thrown [s\src\hotspot\share\interpreter\linkResolver.cpp, line 805]
Event: 0.776 Thread 0x00000248a24900e0 Exception <a 'java/lang/NoSuchMethodError'{0x000000008b9ad548}: 'java.lang.Object java.lang.invoke.DirectMethodHandle$Holder.newInvokeSpecial(java.lang.Object, int, java.lang.Object)'> (0x000000008b9ad548) 
thrown [s\src\hotspot\share\interpreter\linkResolver.cpp, line 805]
Event: 0.828 Thread 0x00000248a24900e0 Exception <a 'java/io/FileNotFoundException'{0x000000008b86e940}> (0x000000008b86e940) 
thrown [s\src\hotspot\share\prims\jni.cpp, line 518]
Event: 0.842 Thread 0x00000248a24900e0 Exception <a 'java/io/FileNotFoundException'{0x000000008b893fe0}> (0x000000008b893fe0) 
thrown [s\src\hotspot\share\prims\jni.cpp, line 518]
Event: 0.855 Thread 0x00000248a24900e0 Exception <a 'java/lang/NoSuchMethodError'{0x000000008b8c16f0}: 'void java.lang.invoke.DelegatingMethodHandle$Holder.reinvoke_L(java.lang.Object, java.lang.Object, java.lang.Object, java.lang.Object, long, long, float)'> (0x000000008b8c16f0) 
thrown [s\src\hotspot\share\interpreter\linkResolver.cpp, line 805]
Event: 0.857 Thread 0x00000248a24900e0 Exception <a 'java/lang/NoSuchMethodError'{0x000000008b8e1a90}: 'java.lang.Object java.lang.invoke.DirectMethodHandle$Holder.invokeStatic(java.lang.Object, java.lang.Object, java.lang.Object, java.lang.Object, java.lang.Object, long)'> (0x000000008b8e1a90) 
thrown [s\src\hotspot\share\interpreter\linkResolver.cpp, line 805]
Event: 0.862 Thread 0x00000248a24900e0 Exception <a 'java/lang/NoSuchMethodError'{0x000000008b725888}: 'float java.lang.invoke.DelegatingMethodHandle$Holder.reinvoke_L(java.lang.Object, java.lang.Object, java.lang.Object, java.lang.Object, long, long)'> (0x000000008b725888) 
thrown [s\src\hotspot\share\interpreter\linkResolver.cpp, line 805]
Event: 3.036 Thread 0x00000248c2c1af50 Exception <a 'java/lang/NoSuchMethodError'{0x000000008b63b3d0}: 'void java.lang.invoke.DirectMethodHandle$Holder.invokeStatic(java.lang.Object, java.lang.Object)'> (0x000000008b63b3d0) 
thrown [s\src\hotspot\share\interpreter\linkResolver.cpp, line 805]

VM Operations (12 events):
Event: 0.485 Executing VM operation: HandshakeAllThreads (Deoptimize)
Event: 0.485 Executing VM operation: HandshakeAllThreads (Deoptimize) done
Event: 0.678 Executing VM operation: HandshakeAllThreads (Deoptimize)
Event: 0.678 Executing VM operation: HandshakeAllThreads (Deoptimize) done
Event: 0.698 Executing VM operation: HandshakeAllThreads (Deoptimize)
Event: 0.698 Executing VM operation: HandshakeAllThreads (Deoptimize) done
Event: 0.718 Executing VM operation: HandshakeAllThreads (Deoptimize)
Event: 0.718 Executing VM operation: HandshakeAllThreads (Deoptimize) done
Event: 0.775 Executing VM operation: HandshakeAllThreads (Deoptimize)
Event: 0.775 Executing VM operation: HandshakeAllThreads (Deoptimize) done
Event: 0.819 Executing VM operation: HandshakeAllThreads (Deoptimize)
Event: 0.819 Executing VM operation: HandshakeAllThreads (Deoptimize) done

Memory protections (0 events):
No events

Nmethod flushes (0 events):
No events

Events (20 events):
Event: 0.477 Thread 0x00000248a24900e0 Thread added: 0x00000248c22b1c40
Event: 0.486 Thread 0x00000248c21ac030 Thread added: 0x00000248c22b5630
Event: 0.490 Thread 0x00000248c22b5630 Thread added: 0x00000248c22cac30
Event: 0.490 Thread 0x00000248c22b5630 Thread added: 0x00000248c22cf7d0
Event: 0.494 Thread 0x00000248a24900e0 Thread added: 0x00000248c23e4aa0
Event: 0.560 Thread 0x00000248a24900e0 Thread added: 0x00000248c2790540
Event: 0.561 Thread 0x00000248a24900e0 Thread added: 0x00000248c2795750
Event: 0.561 Thread 0x00000248a24900e0 Thread added: 0x00000248c2795e90
Event: 0.626 Thread 0x00000248c22cf7d0 Thread exited: 0x00000248c22cf7d0
Event: 0.648 Thread 0x00000248a24900e0 Thread added: 0x00000248c2c03260
Event: 0.670 Thread 0x00000248c2211470 Thread added: 0x00000248c2c55c50
Event: 0.732 Thread 0x00000248a24900e0 Thread added: 0x00000248c2c1f4f0
Event: 0.746 Thread 0x00000248c2795e90 Thread added: 0x00000248c2c1af50
Event: 0.927 Thread 0x00000248a24900e0 Thread exited: 0x00000248a24900e0
Event: 0.927 Thread 0x00000248a24900e0 Thread added: 0x00000248a24900e0
Event: 2.033 Thread 0x00000248c22cac30 Thread exited: 0x00000248c22cac30
Event: 2.033 Thread 0x00000248c2c55c50 Thread exited: 0x00000248c2c55c50
Event: 5.733 Thread 0x00000248c2c1f4f0 Thread exited: 0x00000248c2c1f4f0
Event: 5.735 Thread 0x00000248c2c03260 Thread exited: 0x00000248c2c03260
Event: 13.277 Thread 0x00000248c22b5630 Thread exited: 0x00000248c22b5630


Dynamic libraries:
0x00007ff76c790000 - 0x00007ff76c79e000 	C:\Program Files\Apache NetBeans\jdk\bin\java.exe
0x00007fff321e0000 - 0x00007fff32445000 	C:\WINDOWS\SYSTEM32\ntdll.dll
0x00007fff30dc0000 - 0x00007fff30e89000 	C:\WINDOWS\System32\KERNEL32.DLL
0x00007fff2fb90000 - 0x00007fff2ff78000 	C:\WINDOWS\System32\KERNELBASE.dll
0x00007fff2f780000 - 0x00007fff2f8cb000 	C:\WINDOWS\System32\ucrtbase.dll
0x00007fff22c90000 - 0x00007fff22ca6000 	C:\Program Files\Apache NetBeans\jdk\bin\jli.dll
0x00007fff2be20000 - 0x00007fff2be3e000 	C:\Program Files\Apache NetBeans\jdk\bin\VCRUNTIME140.dll
0x00007fff315e0000 - 0x00007fff317aa000 	C:\WINDOWS\System32\USER32.dll
0x00007fff09140000 - 0x00007fff093da000 	C:\WINDOWS\WinSxS\amd64_microsoft.windows.common-controls_6595b64144ccf1df_6.0.26100.4202_none_3e0698d4e335f517\COMCTL32.dll
0x00007fff2f750000 - 0x00007fff2f777000 	C:\WINDOWS\System32\win32u.dll
0x00007fff313d0000 - 0x00007fff31479000 	C:\WINDOWS\System32\msvcrt.dll
0x00007fff31490000 - 0x00007fff314bb000 	C:\WINDOWS\System32\GDI32.dll
0x00007fff2f8d0000 - 0x00007fff2fa07000 	C:\WINDOWS\System32\gdi32full.dll
0x00007fff2f5e0000 - 0x00007fff2f683000 	C:\WINDOWS\System32\msvcp_win.dll
0x00007fff31cd0000 - 0x00007fff31d00000 	C:\WINDOWS\System32\IMM32.DLL
0x00007fff29c10000 - 0x00007fff29c1c000 	C:\Program Files\Apache NetBeans\jdk\bin\vcruntime140_1.dll
0x00007ffef7460000 - 0x00007ffef74ed000 	C:\Program Files\Apache NetBeans\jdk\bin\msvcp140.dll
0x00007ffe82df0000 - 0x00007ffe83c6c000 	C:\Program Files\Apache NetBeans\jdk\bin\server\jvm.dll
0x00007fff30420000 - 0x00007fff304d3000 	C:\WINDOWS\System32\ADVAPI32.dll
0x00007fff31320000 - 0x00007fff313c6000 	C:\WINDOWS\System32\sechost.dll
0x00007fff314c0000 - 0x00007fff315d5000 	C:\WINDOWS\System32\RPCRT4.dll
0x00007fff30ce0000 - 0x00007fff30d54000 	C:\WINDOWS\System32\WS2_32.dll
0x00007fff2f180000 - 0x00007fff2f1de000 	C:\WINDOWS\SYSTEM32\POWRPROF.dll
0x00007fff23840000 - 0x00007fff23875000 	C:\WINDOWS\SYSTEM32\WINMM.dll
0x00007fff1e070000 - 0x00007fff1e07b000 	C:\WINDOWS\SYSTEM32\VERSION.dll
0x00007fff2f160000 - 0x00007fff2f174000 	C:\WINDOWS\SYSTEM32\UMPDC.dll
0x00007fff2e0f0000 - 0x00007fff2e10b000 	C:\WINDOWS\SYSTEM32\kernel.appcore.dll
0x00007fff29b10000 - 0x00007fff29b1a000 	C:\Program Files\Apache NetBeans\jdk\bin\jimage.dll
0x00007fff2ca60000 - 0x00007fff2cca1000 	C:\WINDOWS\SYSTEM32\DBGHELP.DLL
0x00007fff31e10000 - 0x00007fff32195000 	C:\WINDOWS\System32\combase.dll
0x00007fff31d10000 - 0x00007fff31df1000 	C:\WINDOWS\System32\OLEAUT32.dll
0x00007fff05ae0000 - 0x00007fff05b19000 	C:\WINDOWS\SYSTEM32\dbgcore.DLL
0x00007fff2f540000 - 0x00007fff2f5d9000 	C:\WINDOWS\System32\bcryptPrimitives.dll
0x00007fff25650000 - 0x00007fff2566e000 	C:\Program Files\Apache NetBeans\jdk\bin\java.dll
0x00007fff317b0000 - 0x00007fff3194e000 	C:\WINDOWS\System32\ole32.dll
0x00007fff304f0000 - 0x00007fff30c32000 	C:\WINDOWS\System32\SHELL32.dll
0x00007fff2fa10000 - 0x00007fff2fb84000 	C:\WINDOWS\System32\wintypes.dll
0x00007fff2cf60000 - 0x00007fff2d7b8000 	C:\WINDOWS\SYSTEM32\windows.storage.dll
0x00007fff30030000 - 0x00007fff30121000 	C:\WINDOWS\System32\SHCORE.dll
0x00007fff30c60000 - 0x00007fff30cca000 	C:\WINDOWS\System32\shlwapi.dll
0x00007fff2f240000 - 0x00007fff2f26f000 	C:\WINDOWS\SYSTEM32\profapi.dll
0x00007ffede0b0000 - 0x00007ffede187000 	C:\Program Files\Apache NetBeans\jdk\bin\jsvml.dll
0x00007fff255d0000 - 0x00007fff255e0000 	C:\Program Files\Apache NetBeans\jdk\bin\net.dll
0x00007fff2e660000 - 0x00007fff2e6ca000 	C:\WINDOWS\system32\mswsock.dll
0x00007fff1b5f0000 - 0x00007fff1b606000 	C:\Program Files\Apache NetBeans\jdk\bin\nio.dll
0x00007fff1ded0000 - 0x00007fff1dee7000 	C:\Program Files\Apache NetBeans\jdk\bin\zip.dll
0x00007ffeaef00000 - 0x00007ffeaf07e000 	C:\Program Files\Apache NetBeans\jdk\bin\awt.dll
0x00007fff2be50000 - 0x00007fff2beee000 	C:\WINDOWS\SYSTEM32\apphelp.dll
0x00007fff2c280000 - 0x00007fff2c2b6000 	C:\WINDOWS\system32\DWMAPI.DLL
0x00007fff2c050000 - 0x00007fff2c0ff000 	C:\WINDOWS\system32\uxtheme.dll
0x00007ffeadcf0000 - 0x00007ffeade04000 	C:\WINDOWS\system32\opengl32.dll
0x00007ffefed50000 - 0x00007ffefed7d000 	C:\WINDOWS\SYSTEM32\GLU32.dll
0x00007fff2c230000 - 0x00007fff2c27d000 	C:\WINDOWS\SYSTEM32\dxcore.dll
0x00007fff30230000 - 0x00007fff30390000 	C:\WINDOWS\System32\MSCTF.dll
0x00007fff1b530000 - 0x00007fff1b55e000 	C:\Program Files\Apache NetBeans\jdk\bin\javajpeg.dll
0x00007ffeddbe0000 - 0x00007ffeddc67000 	C:\Program Files\Apache NetBeans\jdk\bin\freetype.dll
0x00007ffead9f0000 - 0x00007ffeadad9000 	C:\Program Files\Apache NetBeans\jdk\bin\fontmanager.dll
0x00007fff0aa40000 - 0x00007fff0ab90000 	C:\WINDOWS\SYSTEM32\textinputframework.dll
0x00007fff2b910000 - 0x00007fff2ba35000 	C:\WINDOWS\SYSTEM32\CoreMessaging.dll
0x00007fff28b60000 - 0x00007fff28e43000 	C:\WINDOWS\SYSTEM32\CoreUIComponents.dll
0x00007fff2e930000 - 0x00007fff2e93c000 	C:\WINDOWS\SYSTEM32\CRYPTBASE.DLL

JVMTI agents: none

dbghelp: loaded successfully - version: 4.0.5 - missing functions: none
symbol engine: initialized successfully - sym options: 0x614 - pdb path: .;C:\Program Files\Apache NetBeans\jdk\bin;C:\WINDOWS\SYSTEM32;C:\WINDOWS\WinSxS\amd64_microsoft.windows.common-controls_6595b64144ccf1df_6.0.26100.4202_none_3e0698d4e335f517;C:\Program Files\Apache NetBeans\jdk\bin\server

VM Arguments:
jvm_args: -Dfile.encoding=UTF-8 --module-path=E:\OneDrive\Desktop\Electricity Billing System\build\classes 
java_command: electricity.billing.system.project
java_class_path (initial): E:\OneDrive\Desktop\mysql-connector-java-8.0.28.jar;E:\OneDrive\Desktop\Electricity Billing System\build\classes
Launcher Type: SUN_STANDARD

[Global flags]
     intx CICompilerCount                          = 12                                        {product} {ergonomic}
     uint ConcGCThreads                            = 3                                         {product} {ergonomic}
     uint G1ConcRefinementThreads                  = 13                                        {product} {ergonomic}
   size_t G1HeapRegionSize                         = 1048576                                   {product} {ergonomic}
   size_t InitialHeapSize                          = 130023424                                 {product} {ergonomic}
   size_t MarkStackSize                            = 4194304                                   {product} {ergonomic}
   size_t MarkStackSizeMax                         = 536870912                                 {product} {ergonomic}
   size_t MaxHeapSize                              = 2061500416                                {product} {ergonomic}
   size_t MaxNewSize                               = 1236271104                                {product} {ergonomic}
   size_t MinHeapDeltaBytes                        = 1048576                                   {product} {ergonomic}
   size_t MinHeapSize                              = 8388608                                   {product} {ergonomic}
    uintx NonNMethodCodeHeapSize                   = 7602176                                {pd product} {ergonomic}
    uintx NonProfiledCodeHeapSize                  = 122093568                              {pd product} {ergonomic}
    uintx ProfiledCodeHeapSize                     = 121962496                              {pd product} {ergonomic}
    uintx ReservedCodeCacheSize                    = 251658240                              {pd product} {ergonomic}
     bool SegmentedCodeCache                       = true                                      {product} {ergonomic}
   size_t SoftMaxHeapSize                          = 2061500416                             {manageable} {ergonomic}
     bool UseCompressedOops                        = true                           {product lp64_product} {ergonomic}
     bool UseG1GC                                  = true                                      {product} {ergonomic}
     bool UseLargePagesIndividualAllocation        = false                                  {pd product} {ergonomic}

Logging:
Log output configuration:
 #0: stdout all=warning uptime,level,tags foldmultilines=false
 #1: stderr all=off uptime,level,tags foldmultilines=false

Environment Variables:
PATH=C:\Program Files\Common Files\Oracle\Java\javapath;C:\ProgramData\Oracle\Java\javapath;C:\WINDOWS\system32;C:\WINDOWS;C:\WINDOWS\System32\Wbem;C:\WINDOWS\System32\WindowsPowerShell\v1.0\;C:\WINDOWS\System32\OpenSSH\;C:\Program Files\nodejs\;C:\Program Files\HP\HP One Agent;D:\xaamp\php;C:\ProgramData\ComposerSetup\bin;C:\Program Files\Git\cmd;C:\Program Files\Git\mingw64\bin;C:\Program Files\Git\usr\bin;C:\WINDOWS\system32;C:\WINDOWS;C:\WINDOWS\System32\Wbem;C:\WINDOWS\System32\WindowsPowerShell\v1.0\;C:\WINDOWS\System32\OpenSSH\;C:\Program Files (x86)\Java\jre1.8.0_161\bin;C:\Program Files\MongoDB\Server\8.0\bin;D:\mongosh-2.5.6-win32-x64\mongosh-2.5.6-win32-x64\bin;C:\Program Files\apache-maven-3.9.11\bin;C:\Program Files\MySQL\MySQL Shell 8.0\bin\;C:\Users\HP\AppData\Local\Programs\Python\Python311\Scripts\;C:\Users\HP\AppData\Local\Programs\Python\Python311\;C:\Users\HP\AppData\Local\Microsoft\WindowsApps;C:\Users\HP\AppData\Local\Programs\Microsoft VS Code\bin;C:\Users\HP\AppData\Roaming\npm;C:\MinGW\bin;C:\Users\HP\AppData\Roaming\Composer\vendor\bin;C:\Program Files\JetBrains\PyCharm Community Edition 2024.2.3\bin;;C:\Program Files\Java\jdk-24\bin;
USERNAME=HP
OS=Windows_NT
PROCESSOR_IDENTIFIER=Intel64 Family 6 Model 154 Stepping 3, GenuineIntel
TMP=C:\Users\HP\AppData\Local\Temp
TEMP=C:\Users\HP\AppData\Local\Temp




Periodic native trim disabled

---------------  S Y S T E M  ---------------

OS:
 Windows 11 , 64 bit Build 26100 (10.0.26100.4202)
OS uptime: 6 days 20:12 hours
Hyper-V role detected

CPU: total 16 (initial active 16) (8 cores per cpu, 2 threads per core) family 6 model 154 stepping 3 microcode 0x42c, cx8, cmov, fxsr, ht, mmx, 3dnowpref, sse, sse2, sse3, ssse3, sse4.1, sse4.2, popcnt, lzcnt, tsc, tscinvbit, avx, avx2, aes, erms, clmul, bmi1, bmi2, adx, sha, fma, vzeroupper, clflush, clflushopt, clwb, hv, serialize, rdtscp, rdpid, fsrm, gfni, f16c, cet_ibt, cet_ss
Processor Information for processor 0
  Max Mhz: 1700, Current Mhz: 1700, Mhz Limit: 1700
Processor Information for processor 1
  Max Mhz: 1700, Current Mhz: 1700, Mhz Limit: 1700
Processor Information for processor 2
  Max Mhz: 1700, Current Mhz: 1700, Mhz Limit: 1700
Processor Information for processor 3
  Max Mhz: 1700, Current Mhz: 1700, Mhz Limit: 1700
Processor Information for processor 4
  Max Mhz: 1700, Current Mhz: 1700, Mhz Limit: 1700
Processor Information for processor 5
  Max Mhz: 1700, Current Mhz: 1700, Mhz Limit: 1700
Processor Information for processor 6
  Max Mhz: 1700, Current Mhz: 1700, Mhz Limit: 1700
Processor Information for processor 7
  Max Mhz: 1700, Current Mhz: 1700, Mhz Limit: 1700
Processor Information for processor 8
  Max Mhz: 1700, Current Mhz: 1200, Mhz Limit: 1190
Processor Information for processor 9
  Max Mhz: 1700, Current Mhz: 1200, Mhz Limit: 1190
Processor Information for processor 10
  Max Mhz: 1700, Current Mhz: 1200, Mhz Limit: 1190
Processor Information for processor 11
  Max Mhz: 1700, Current Mhz: 1200, Mhz Limit: 1190
Processor Information for processor 12
  Max Mhz: 1700, Current Mhz: 1200, Mhz Limit: 1190
Processor Information for processor 13
  Max Mhz: 1700, Current Mhz: 1200, Mhz Limit: 1190
Processor Information for processor 14
  Max Mhz: 1700, Current Mhz: 1200, Mhz Limit: 1190
Processor Information for processor 15
  Max Mhz: 1700, Current Mhz: 1200, Mhz Limit: 1190

Memory: 4k page, system-wide physical 7863M (566M free)
TotalPageFile size 26613M (AvailPageFile size 0M)
current process WorkingSet (physical memory assigned to process): 107M, peak: 110M
current process commit charge ("private bytes"): 239M, peak: 244M

vm_info: OpenJDK 64-Bit Server VM (24.0.2+12) for windows-amd64 JRE (24.0.2+12) (Zulu24.32+13-CA), built on 2025-07-11T12:45:44Z with MS VC++ 17.1 (VS2022)

END.
